2024-12-10 15:45:09,224 [Worker-4: Loading available Gradle versions] INFO  o.e.b.c.i.u.g.PublishedGradleVersions - Gradle version information cache is out-of-date. Trying to update.
2024-12-10 16:56:15,191 [Worker-4: Loading available Gradle versions] INFO  o.e.b.c.i.u.g.PublishedGradleVersions - Gradle version information cache is up-to-date. Trying to read.
2024-12-10 16:56:49,632 [ModalContext] INFO  o.e.m.c.i.e.AbstractTransferListenerAdapter - Downloading https://repo1.maven.org/maven2/com/haoxuer/maven/archetype/maven-archetype-quickstart/1.01/maven-archetype-quickstart-1.01.jar
2024-12-10 16:56:50,148 [ModalContext] INFO  o.e.m.c.i.e.AbstractTransferListenerAdapter - Downloaded https://repo1.maven.org/maven2/com/haoxuer/maven/archetype/maven-archetype-quickstart/1.01/maven-archetype-quickstart-1.01.jar
2024-12-10 16:56:50,423 [ModalContext] INFO  o.e.m.c.i.e.AbstractTransferListenerAdapter - Downloading https://repo1.maven.org/maven2/com/haoxuer/maven/archetype/maven-archetype-quickstart/1.01/maven-archetype-quickstart-1.01.pom
2024-12-10 16:56:50,691 [ModalContext] INFO  o.e.m.c.i.e.AbstractTransferListenerAdapter - Downloaded https://repo1.maven.org/maven2/com/haoxuer/maven/archetype/maven-archetype-quickstart/1.01/maven-archetype-quickstart-1.01.pom
2024-12-10 16:57:05,718 [Worker-14: Creating maven-archetype-quickstart] ERROR o.e.m.c.i.p.ProjectConfigurationManager - Unable to create project from archetype [com.haoxuer.maven.archetype:maven-archetype-quickstart:1.01 -> https://repo1.maven.org/maven2]
org.apache.maven.archetype.exception.ArchetypeGenerationFailure: org.apache.maven.archetype.exception.ArchetypeGenerationFailure: Error merging velocity templates: Unable to find resource 'archetype-resources/pom.xml'
	at org.apache.maven.archetype.generator.DefaultFilesetArchetypeGenerator.generateArchetype(DefaultFilesetArchetypeGenerator.java:233)
	at org.apache.maven.archetype.generator.DefaultArchetypeGenerator.processFileSetArchetype(DefaultArchetypeGenerator.java:129)
	at org.apache.maven.archetype.generator.DefaultArchetypeGenerator.generateArchetype(DefaultArchetypeGenerator.java:100)
	at org.apache.maven.archetype.generator.DefaultArchetypeGenerator.generateArchetype(DefaultArchetypeGenerator.java:143)
	at org.apache.maven.archetype.generator.DefaultArchetypeGenerator.generateArchetype(DefaultArchetypeGenerator.java:169)
	at org.apache.maven.archetype.DefaultArchetypeManager.generateProjectFromArchetype(DefaultArchetypeManager.java:73)
	at org.eclipse.m2e.core.internal.project.ProjectConfigurationManager.createArchetypeProjects0(ProjectConfigurationManager.java:856)
	at org.eclipse.m2e.core.internal.project.ProjectConfigurationManager.lambda$3(ProjectConfigurationManager.java:806)
	at org.eclipse.m2e.core.internal.embedder.MavenExecutionContext.executeBare(MavenExecutionContext.java:182)
	at org.eclipse.m2e.core.internal.embedder.MavenExecutionContext.execute(MavenExecutionContext.java:156)
	at org.eclipse.m2e.core.internal.embedder.MavenExecutionContext.execute(MavenExecutionContext.java:103)
	at org.eclipse.m2e.core.internal.embedder.MavenImpl.execute(MavenImpl.java:1416)
	at org.eclipse.m2e.core.internal.project.ProjectConfigurationManager.createArchetypeProjects(ProjectConfigurationManager.java:806)
	at org.eclipse.m2e.core.ui.internal.wizards.MavenProjectWizard$3.doCreateMavenProjects(MavenProjectWizard.java:236)
	at org.eclipse.m2e.core.ui.internal.wizards.AbstractCreateMavenProjectJob$1.doCreateMavenProjects(AbstractCreateMavenProjectJob.java:65)
	at org.eclipse.m2e.core.ui.internal.wizards.AbstractCreateMavenProjectsOperation.run(AbstractCreateMavenProjectsOperation.java:76)
	at org.eclipse.m2e.core.ui.internal.wizards.AbstractCreateMavenProjectJob.runInWorkspace(AbstractCreateMavenProjectJob.java:69)
	at org.eclipse.core.internal.resources.InternalWorkspaceJob.run(InternalWorkspaceJob.java:42)
	at org.eclipse.core.internal.jobs.Worker.run(Worker.java:63)
Caused by: org.apache.maven.archetype.exception.ArchetypeGenerationFailure: Error merging velocity templates: Unable to find resource 'archetype-resources/pom.xml'
	at org.apache.maven.archetype.generator.DefaultFilesetArchetypeGenerator.processTemplate(DefaultFilesetArchetypeGenerator.java:745)
	at org.apache.maven.archetype.generator.DefaultFilesetArchetypeGenerator.processPom(DefaultFilesetArchetypeGenerator.java:637)
	at org.apache.maven.archetype.generator.DefaultFilesetArchetypeGenerator.processFilesetProject(DefaultFilesetArchetypeGenerator.java:625)
	at org.apache.maven.archetype.generator.DefaultFilesetArchetypeGenerator.processFilesetModule(DefaultFilesetArchetypeGenerator.java:564)
	at org.apache.maven.archetype.generator.DefaultFilesetArchetypeGenerator.generateArchetype(DefaultFilesetArchetypeGenerator.java:203)
	... 18 common frames omitted
Caused by: org.apache.velocity.exception.ResourceNotFoundException: Unable to find resource 'archetype-resources/pom.xml'
	at org.apache.velocity.runtime.resource.ResourceManagerImpl.loadResource(ResourceManagerImpl.java:452)
	at org.apache.velocity.runtime.resource.ResourceManagerImpl.getResource(ResourceManagerImpl.java:335)
	at org.apache.velocity.runtime.RuntimeInstance.getTemplate(RuntimeInstance.java:1102)
	at org.apache.velocity.app.VelocityEngine.mergeTemplate(VelocityEngine.java:498)
	at org.apache.maven.archetype.generator.DefaultFilesetArchetypeGenerator.processTemplate(DefaultFilesetArchetypeGenerator.java:735)
	... 22 common frames omitted
2024-12-10 16:58:08,486 [Worker-5: Creating maven-archetype-quickstart] INFO  o.e.m.c.i.p.ProjectConfigurationManager - Collecting project info '/pom.xml' C:\Users\kunar\eclipse-workspace\Project\JavaAngular\Hibernate\persistence\pom.xml
2024-12-10 16:58:09,178 [Worker-5: Creating maven-archetype-quickstart] INFO  o.e.m.c.i.l.LifecycleMappingFactory - Using org.eclipse.m2e.jdt.JarLifecycleMapping lifecycle mapping for MavenProject: hiberante:persistence:0.0.1-SNAPSHOT @ C:\Users\kunar\eclipse-workspace\Project\JavaAngular\Hibernate\persistence\pom.xml.
2024-12-10 16:58:09,967 [Worker-5: Creating maven-archetype-quickstart] INFO  o.e.m.j.i.AbstractJavaProjectConfigurator - Adding source folder /persistence/src/main/java
2024-12-10 16:58:09,981 [Worker-5: Creating maven-archetype-quickstart] INFO  o.e.m.j.i.AbstractJavaProjectConfigurator - Adding source folder /persistence/src/test/java
2024-12-10 16:58:11,342 [Worker-5: Creating maven-archetype-quickstart] INFO  o.e.m.c.i.p.ProjectConfigurationManager - Imported and configured 1 project(s) in 2 sec
2024-12-10 16:58:12,543 [Worker-13: Building] INFO  o.a.m.s.f.DefaultMavenResourcesFiltering - skip non existing resourceDirectory C:\Users\kunar\eclipse-workspace\Project\JavaAngular\Hibernate\persistence\src\main\resources
2024-12-10 16:58:12,546 [Worker-13: Building] INFO  o.a.m.s.f.DefaultMavenResourcesFiltering - skip non existing resourceDirectory C:\Users\kunar\eclipse-workspace\Project\JavaAngular\Hibernate\persistence\src\test\resources
2024-12-10 17:00:48,675 [Worker-20: Building] INFO  o.e.m.c.i.l.LifecycleMappingFactory - Using org.eclipse.m2e.jdt.JarLifecycleMapping lifecycle mapping for MavenProject: hiberante:persistence:0.0.1-SNAPSHOT @ C:\Users\kunar\eclipse-workspace\Project\JavaAngular\Hibernate\persistence\pom.xml.
2024-12-10 17:00:49,127 [Worker-20: Building] INFO  o.a.m.s.f.DefaultMavenResourcesFiltering - skip non existing resourceDirectory C:\Users\kunar\eclipse-workspace\Project\JavaAngular\Hibernate\persistence\src\main\resources
2024-12-10 17:00:49,130 [Worker-20: Building] INFO  o.a.m.s.f.DefaultMavenResourcesFiltering - skip non existing resourceDirectory C:\Users\kunar\eclipse-workspace\Project\JavaAngular\Hibernate\persistence\src\test\resources
2024-12-10 17:00:50,696 [Worker-21: Building] INFO  o.a.m.s.f.DefaultMavenResourcesFiltering - skip non existing resourceDirectory C:\Users\kunar\eclipse-workspace\Project\JavaAngular\Hibernate\persistence\src\main\resources
2024-12-10 17:00:50,699 [Worker-21: Building] INFO  o.a.m.s.f.DefaultMavenResourcesFiltering - skip non existing resourceDirectory C:\Users\kunar\eclipse-workspace\Project\JavaAngular\Hibernate\persistence\src\test\resources
2024-12-10 17:01:57,957 [Worker-19: Building] INFO  o.a.m.s.f.DefaultMavenResourcesFiltering - skip non existing resourceDirectory C:\Users\kunar\eclipse-workspace\Project\JavaAngular\Hibernate\persistence\src\main\resources
2024-12-10 17:01:57,959 [Worker-19: Building] INFO  o.a.m.s.f.DefaultMavenResourcesFiltering - skip non existing resourceDirectory C:\Users\kunar\eclipse-workspace\Project\JavaAngular\Hibernate\persistence\src\test\resources
2024-12-10 17:02:28,826 [Worker-12: Building] INFO  o.a.m.s.f.DefaultMavenResourcesFiltering - skip non existing resourceDirectory C:\Users\kunar\eclipse-workspace\Project\JavaAngular\Hibernate\persistence\src\main\resources
2024-12-10 17:02:28,829 [Worker-12: Building] INFO  o.a.m.s.f.DefaultMavenResourcesFiltering - skip non existing resourceDirectory C:\Users\kunar\eclipse-workspace\Project\JavaAngular\Hibernate\persistence\src\test\resources
2024-12-10 17:02:51,701 [Worker-22: Building] INFO  o.a.m.s.f.DefaultMavenResourcesFiltering - skip non existing resourceDirectory C:\Users\kunar\eclipse-workspace\Project\JavaAngular\Hibernate\persistence\src\main\resources
2024-12-10 17:02:51,704 [Worker-22: Building] INFO  o.a.m.s.f.DefaultMavenResourcesFiltering - skip non existing resourceDirectory C:\Users\kunar\eclipse-workspace\Project\JavaAngular\Hibernate\persistence\src\test\resources
2024-12-10 17:03:39,043 [Worker-19: Building] INFO  o.a.m.s.f.DefaultMavenResourcesFiltering - skip non existing resourceDirectory C:\Users\kunar\eclipse-workspace\Project\JavaAngular\Hibernate\persistence\src\main\resources
2024-12-10 17:03:39,045 [Worker-19: Building] INFO  o.a.m.s.f.DefaultMavenResourcesFiltering - skip non existing resourceDirectory C:\Users\kunar\eclipse-workspace\Project\JavaAngular\Hibernate\persistence\src\test\resources
2024-12-10 17:04:07,628 [Worker-19: Building] INFO  o.a.m.s.f.DefaultMavenResourcesFiltering - skip non existing resourceDirectory C:\Users\kunar\eclipse-workspace\Project\JavaAngular\Hibernate\persistence\src\main\resources
2024-12-10 17:04:07,630 [Worker-19: Building] INFO  o.a.m.s.f.DefaultMavenResourcesFiltering - skip non existing resourceDirectory C:\Users\kunar\eclipse-workspace\Project\JavaAngular\Hibernate\persistence\src\test\resources
2024-12-10 17:04:38,298 [Worker-21: Building] INFO  o.a.m.s.f.DefaultMavenResourcesFiltering - skip non existing resourceDirectory C:\Users\kunar\eclipse-workspace\Project\JavaAngular\Hibernate\persistence\src\main\resources
2024-12-10 17:04:38,302 [Worker-21: Building] INFO  o.a.m.s.f.DefaultMavenResourcesFiltering - skip non existing resourceDirectory C:\Users\kunar\eclipse-workspace\Project\JavaAngular\Hibernate\persistence\src\test\resources
2024-12-10 17:12:52,480 [Worker-25: Building] INFO  o.a.m.s.f.DefaultMavenResourcesFiltering - skip non existing resourceDirectory C:\Users\kunar\eclipse-workspace\Project\JavaAngular\Hibernate\persistence\src\main\resources
2024-12-10 17:12:52,482 [Worker-25: Building] INFO  o.a.m.s.f.DefaultMavenResourcesFiltering - skip non existing resourceDirectory C:\Users\kunar\eclipse-workspace\Project\JavaAngular\Hibernate\persistence\src\test\resources
2024-12-10 17:13:27,585 [Worker-23: Building] INFO  o.a.m.s.f.DefaultMavenResourcesFiltering - skip non existing resourceDirectory C:\Users\kunar\eclipse-workspace\Project\JavaAngular\Hibernate\persistence\src\main\resources
2024-12-10 17:13:27,587 [Worker-23: Building] INFO  o.a.m.s.f.DefaultMavenResourcesFiltering - skip non existing resourceDirectory C:\Users\kunar\eclipse-workspace\Project\JavaAngular\Hibernate\persistence\src\test\resources
2024-12-10 17:14:11,785 [Worker-23: Building] INFO  o.a.m.s.f.DefaultMavenResourcesFiltering - skip non existing resourceDirectory C:\Users\kunar\eclipse-workspace\Project\JavaAngular\Hibernate\persistence\src\main\resources
2024-12-10 17:14:11,787 [Worker-23: Building] INFO  o.a.m.s.f.DefaultMavenResourcesFiltering - skip non existing resourceDirectory C:\Users\kunar\eclipse-workspace\Project\JavaAngular\Hibernate\persistence\src\test\resources
2024-12-10 17:14:56,717 [Worker-25: Building] INFO  o.a.m.s.f.DefaultMavenResourcesFiltering - skip non existing resourceDirectory C:\Users\kunar\eclipse-workspace\Project\JavaAngular\Hibernate\persistence\src\main\resources
2024-12-10 17:14:56,719 [Worker-25: Building] INFO  o.a.m.s.f.DefaultMavenResourcesFiltering - skip non existing resourceDirectory C:\Users\kunar\eclipse-workspace\Project\JavaAngular\Hibernate\persistence\src\test\resources
2024-12-10 17:24:45,500 [Worker-0: Loading available Gradle versions] INFO  o.e.b.c.i.u.g.PublishedGradleVersions - Gradle version information cache is up-to-date. Trying to read.
2024-12-10 17:45:39,378 [Worker-27: Building] INFO  o.a.m.s.f.DefaultMavenResourcesFiltering - skip non existing resourceDirectory C:\Users\kunar\eclipse-workspace\Project\JavaAngular\Hibernate\persistence\src\main\resources
2024-12-10 17:45:39,386 [Worker-27: Building] INFO  o.a.m.s.f.DefaultMavenResourcesFiltering - skip non existing resourceDirectory C:\Users\kunar\eclipse-workspace\Project\JavaAngular\Hibernate\persistence\src\test\resources
2024-12-10 17:49:37,058 [Start Help Server] INFO  org.eclipse.jetty.server.Server - jetty-10.0.6; built: 2021-06-29T15:28:56.259Z; git: 37e7731b4b142a882d73974ff3bec78d621bd674; jvm 17.0.2+8
2024-12-10 17:49:37,094 [Start Help Server] INFO  o.e.j.s.s.DefaultSessionIdManager - Session workerName=node0
2024-12-10 17:49:37,133 [Start Help Server] INFO  o.e.j.server.handler.ContextHandler - Started o.e.j.s.ServletContextHandler@20c87a04{/help,null,AVAILABLE}
2024-12-10 17:49:37,167 [Start Help Server] INFO  o.e.jetty.server.AbstractConnector - Started ServerConnector@534fdbd5{HTTP/1.1, (http/1.1)}{127.0.0.1:49595}
2024-12-10 17:49:37,171 [Start Help Server] INFO  org.eclipse.jetty.server.Server - Started Server@1b450cf3{STARTING}[10.0.6,sto=0] @1503052ms
2024-12-10 17:50:50,129 [Worker-28: Building] INFO  o.a.m.s.f.DefaultMavenResourcesFiltering - skip non existing resourceDirectory C:\Users\kunar\eclipse-workspace\Project\JavaAngular\Hibernate\persistence\src\main\resources
2024-12-10 17:50:50,132 [Worker-28: Building] INFO  o.a.m.s.f.DefaultMavenResourcesFiltering - skip non existing resourceDirectory C:\Users\kunar\eclipse-workspace\Project\JavaAngular\Hibernate\persistence\src\test\resources
2024-12-10 17:51:59,982 [Worker-30: Building] INFO  o.a.m.s.f.DefaultMavenResourcesFiltering - skip non existing resourceDirectory C:\Users\kunar\eclipse-workspace\Project\JavaAngular\Hibernate\persistence\src\main\resources
2024-12-10 17:51:59,984 [Worker-30: Building] INFO  o.a.m.s.f.DefaultMavenResourcesFiltering - skip non existing resourceDirectory C:\Users\kunar\eclipse-workspace\Project\JavaAngular\Hibernate\persistence\src\test\resources
2024-12-10 17:53:15,249 [Worker-28: Building] INFO  o.e.m.c.i.l.LifecycleMappingFactory - Using org.eclipse.m2e.jdt.JarLifecycleMapping lifecycle mapping for MavenProject: hiberante:persistence:0.0.1-SNAPSHOT @ C:\Users\kunar\eclipse-workspace\Project\JavaAngular\Hibernate\persistence\pom.xml.
2024-12-10 17:53:15,928 [Worker-28: Building] INFO  o.a.m.s.f.DefaultMavenResourcesFiltering - skip non existing resourceDirectory C:\Users\kunar\eclipse-workspace\Project\JavaAngular\Hibernate\persistence\src\main\resources
2024-12-10 17:53:15,930 [Worker-28: Building] INFO  o.a.m.s.f.DefaultMavenResourcesFiltering - skip non existing resourceDirectory C:\Users\kunar\eclipse-workspace\Project\JavaAngular\Hibernate\persistence\src\test\resources
2024-12-10 17:53:17,636 [Worker-28: Building] INFO  o.a.m.s.f.DefaultMavenResourcesFiltering - skip non existing resourceDirectory C:\Users\kunar\eclipse-workspace\Project\JavaAngular\Hibernate\persistence\src\main\resources
2024-12-10 17:53:17,640 [Worker-28: Building] INFO  o.a.m.s.f.DefaultMavenResourcesFiltering - skip non existing resourceDirectory C:\Users\kunar\eclipse-workspace\Project\JavaAngular\Hibernate\persistence\src\test\resources
2024-12-10 17:54:06,658 [Worker-23: Building] INFO  o.a.m.s.f.DefaultMavenResourcesFiltering - skip non existing resourceDirectory C:\Users\kunar\eclipse-workspace\Project\JavaAngular\Hibernate\persistence\src\main\resources
2024-12-10 17:54:06,660 [Worker-23: Building] INFO  o.a.m.s.f.DefaultMavenResourcesFiltering - skip non existing resourceDirectory C:\Users\kunar\eclipse-workspace\Project\JavaAngular\Hibernate\persistence\src\test\resources
2024-12-10 17:54:43,683 [Worker-28: Building] INFO  o.a.m.s.f.DefaultMavenResourcesFiltering - skip non existing resourceDirectory C:\Users\kunar\eclipse-workspace\Project\JavaAngular\Hibernate\persistence\src\main\resources
2024-12-10 17:54:43,685 [Worker-28: Building] INFO  o.a.m.s.f.DefaultMavenResourcesFiltering - skip non existing resourceDirectory C:\Users\kunar\eclipse-workspace\Project\JavaAngular\Hibernate\persistence\src\test\resources
2024-12-10 17:59:53,106 [Worker-25: Building] INFO  o.a.m.s.f.DefaultMavenResourcesFiltering - skip non existing resourceDirectory C:\Users\kunar\eclipse-workspace\Project\JavaAngular\Hibernate\persistence\src\main\resources
2024-12-10 17:59:53,108 [Worker-25: Building] INFO  o.a.m.s.f.DefaultMavenResourcesFiltering - skip non existing resourceDirectory C:\Users\kunar\eclipse-workspace\Project\JavaAngular\Hibernate\persistence\src\test\resources
2024-12-10 18:03:15,356 [Stop Help Server] INFO  org.eclipse.jetty.server.Server - Stopped Server@1b450cf3{STOPPING}[10.0.6,sto=0]
2024-12-10 18:03:15,390 [Stop Help Server] INFO  o.e.jetty.server.AbstractConnector - Stopped ServerConnector@534fdbd5{HTTP/1.1, (http/1.1)}{127.0.0.1:0}
2024-12-10 18:03:15,425 [Stop Help Server] INFO  o.e.j.server.handler.ContextHandler - Stopped o.e.j.s.ServletContextHandler@20c87a04{/help,null,STOPPED}
2024-12-11 10:31:13,916 [Worker-5: Loading available Gradle versions] INFO  o.e.b.c.i.u.g.PublishedGradleVersions - Gradle version information cache is up-to-date. Trying to read.
2024-12-11 10:31:19,585 [Worker-7: Updating Maven Dependencies] INFO  o.e.m.c.i.l.LifecycleMappingFactory - Using org.eclipse.m2e.jdt.JarLifecycleMapping lifecycle mapping for MavenProject: hiberante:persistence:0.0.1-SNAPSHOT @ C:\Users\kunar\eclipse-workspace\Project\JavaAngular\Hibernate\persistence\pom.xml.
2024-12-11 10:31:20,842 [Worker-0: Building] INFO  o.e.m.c.i.l.LifecycleMappingFactory - Using org.eclipse.m2e.jdt.JarLifecycleMapping lifecycle mapping for MavenProject: hiberante:persistence:0.0.1-SNAPSHOT @ C:\Users\kunar\eclipse-workspace\Project\JavaAngular\Hibernate\persistence\pom.xml.
2024-12-11 10:31:25,079 [Worker-0: Building] INFO  o.a.m.s.f.DefaultMavenResourcesFiltering - skip non existing resourceDirectory C:\Users\kunar\eclipse-workspace\Project\JavaAngular\Hibernate\persistence\src\main\resources
2024-12-11 10:31:25,098 [Worker-0: Building] INFO  o.a.m.s.f.DefaultMavenResourcesFiltering - skip non existing resourceDirectory C:\Users\kunar\eclipse-workspace\Project\JavaAngular\Hibernate\persistence\src\test\resources
2024-12-11 10:31:26,848 [Worker-5: Updating Maven Dependencies] INFO  o.e.m.c.i.l.LifecycleMappingFactory - Using org.eclipse.m2e.jdt.JarLifecycleMapping lifecycle mapping for MavenProject: hiberante:persistence:0.0.1-SNAPSHOT @ C:\Users\kunar\eclipse-workspace\Project\JavaAngular\Hibernate\persistence\pom.xml.
2024-12-11 10:31:27,815 [Worker-8: Building] INFO  o.a.m.s.f.DefaultMavenResourcesFiltering - skip non existing resourceDirectory C:\Users\kunar\eclipse-workspace\Project\JavaAngular\Hibernate\persistence\src\main\resources
2024-12-11 10:31:27,823 [Worker-8: Building] INFO  o.a.m.s.f.DefaultMavenResourcesFiltering - skip non existing resourceDirectory C:\Users\kunar\eclipse-workspace\Project\JavaAngular\Hibernate\persistence\src\test\resources
2024-12-11 10:38:10,279 [Worker-4: Updating Maven Project] INFO  o.e.m.c.i.p.ProjectConfigurationManager - Update started
2024-12-11 10:38:10,814 [Worker-4: Updating Maven Project] INFO  o.e.m.c.i.l.LifecycleMappingFactory - Using org.eclipse.m2e.jdt.JarLifecycleMapping lifecycle mapping for MavenProject: hiberante:persistence:0.0.1-SNAPSHOT @ C:\Users\kunar\eclipse-workspace\Project\JavaAngular\Hibernate\persistence\pom.xml.
2024-12-11 10:38:11,603 [Worker-4: Updating Maven Project] INFO  o.e.m.j.i.AbstractJavaProjectConfigurator - Adding source folder /persistence/src/main/java
2024-12-11 10:38:11,606 [Worker-4: Updating Maven Project] INFO  o.e.m.j.i.AbstractJavaProjectConfigurator - Adding source folder /persistence/src/test/java
2024-12-11 10:38:12,543 [Worker-4: Updating Maven Project] INFO  o.e.m.c.i.p.ProjectConfigurationManager - Update completed: 2 sec
2024-12-11 10:38:12,994 [Worker-15: Building] INFO  o.a.m.s.f.DefaultMavenResourcesFiltering - skip non existing resourceDirectory C:\Users\kunar\eclipse-workspace\Project\JavaAngular\Hibernate\persistence\src\main\resources
2024-12-11 10:38:13,001 [Worker-15: Building] INFO  o.a.m.s.f.DefaultMavenResourcesFiltering - skip non existing resourceDirectory C:\Users\kunar\eclipse-workspace\Project\JavaAngular\Hibernate\persistence\src\test\resources
2024-12-11 11:07:50,079 [Worker-21: Building] INFO  o.a.m.s.f.DefaultMavenResourcesFiltering - skip non existing resourceDirectory C:\Users\kunar\eclipse-workspace\Project\JavaAngular\Hibernate\persistence\src\main\resources
2024-12-11 11:07:50,086 [Worker-21: Building] INFO  o.a.m.s.f.DefaultMavenResourcesFiltering - skip non existing resourceDirectory C:\Users\kunar\eclipse-workspace\Project\JavaAngular\Hibernate\persistence\src\test\resources
2024-12-11 11:09:11,037 [Worker-22: Building] INFO  o.a.m.s.f.DefaultMavenResourcesFiltering - skip non existing resourceDirectory C:\Users\kunar\eclipse-workspace\Project\JavaAngular\Hibernate\persistence\src\main\resources
2024-12-11 11:09:11,045 [Worker-22: Building] INFO  o.a.m.s.f.DefaultMavenResourcesFiltering - skip non existing resourceDirectory C:\Users\kunar\eclipse-workspace\Project\JavaAngular\Hibernate\persistence\src\test\resources
2024-12-11 11:09:38,326 [Worker-22: Building] INFO  o.a.m.s.f.DefaultMavenResourcesFiltering - skip non existing resourceDirectory C:\Users\kunar\eclipse-workspace\Project\JavaAngular\Hibernate\persistence\src\main\resources
2024-12-11 11:09:38,333 [Worker-22: Building] INFO  o.a.m.s.f.DefaultMavenResourcesFiltering - skip non existing resourceDirectory C:\Users\kunar\eclipse-workspace\Project\JavaAngular\Hibernate\persistence\src\test\resources
2024-12-11 11:18:59,687 [Worker-28: Building] INFO  o.a.m.s.f.DefaultMavenResourcesFiltering - skip non existing resourceDirectory C:\Users\kunar\eclipse-workspace\Project\JavaAngular\Hibernate\persistence\src\main\resources
2024-12-11 11:18:59,693 [Worker-28: Building] INFO  o.a.m.s.f.DefaultMavenResourcesFiltering - skip non existing resourceDirectory C:\Users\kunar\eclipse-workspace\Project\JavaAngular\Hibernate\persistence\src\test\resources
2024-12-11 11:19:03,643 [Worker-27: Building] INFO  o.a.m.s.f.DefaultMavenResourcesFiltering - skip non existing resourceDirectory C:\Users\kunar\eclipse-workspace\Project\JavaAngular\Hibernate\persistence\src\main\resources
2024-12-11 11:19:03,651 [Worker-27: Building] INFO  o.a.m.s.f.DefaultMavenResourcesFiltering - skip non existing resourceDirectory C:\Users\kunar\eclipse-workspace\Project\JavaAngular\Hibernate\persistence\src\test\resources
2024-12-11 11:19:34,120 [Worker-21: Building] INFO  o.a.m.s.f.DefaultMavenResourcesFiltering - skip non existing resourceDirectory C:\Users\kunar\eclipse-workspace\Project\JavaAngular\Hibernate\persistence\src\main\resources
2024-12-11 11:19:34,126 [Worker-21: Building] INFO  o.a.m.s.f.DefaultMavenResourcesFiltering - skip non existing resourceDirectory C:\Users\kunar\eclipse-workspace\Project\JavaAngular\Hibernate\persistence\src\test\resources
2024-12-11 11:53:56,205 [Worker-21: Building] INFO  o.a.m.s.f.DefaultMavenResourcesFiltering - skip non existing resourceDirectory C:\Users\kunar\eclipse-workspace\Project\JavaAngular\Hibernate\persistence\src\main\resources
2024-12-11 11:53:56,212 [Worker-21: Building] INFO  o.a.m.s.f.DefaultMavenResourcesFiltering - skip non existing resourceDirectory C:\Users\kunar\eclipse-workspace\Project\JavaAngular\Hibernate\persistence\src\test\resources
2024-12-11 11:54:28,030 [Worker-31: Building] INFO  o.a.m.s.f.DefaultMavenResourcesFiltering - skip non existing resourceDirectory C:\Users\kunar\eclipse-workspace\Project\JavaAngular\Hibernate\persistence\src\main\resources
2024-12-11 11:54:28,037 [Worker-31: Building] INFO  o.a.m.s.f.DefaultMavenResourcesFiltering - skip non existing resourceDirectory C:\Users\kunar\eclipse-workspace\Project\JavaAngular\Hibernate\persistence\src\test\resources
2024-12-11 11:55:19,492 [Worker-21: Building] INFO  o.a.m.s.f.DefaultMavenResourcesFiltering - skip non existing resourceDirectory C:\Users\kunar\eclipse-workspace\Project\JavaAngular\Hibernate\persistence\src\main\resources
2024-12-11 11:55:19,499 [Worker-21: Building] INFO  o.a.m.s.f.DefaultMavenResourcesFiltering - skip non existing resourceDirectory C:\Users\kunar\eclipse-workspace\Project\JavaAngular\Hibernate\persistence\src\test\resources
2024-12-11 12:00:13,631 [Worker-36: Building] INFO  o.a.m.s.f.DefaultMavenResourcesFiltering - skip non existing resourceDirectory C:\Users\kunar\eclipse-workspace\Project\JavaAngular\Hibernate\persistence\src\main\resources
2024-12-11 12:00:13,637 [Worker-36: Building] INFO  o.a.m.s.f.DefaultMavenResourcesFiltering - skip non existing resourceDirectory C:\Users\kunar\eclipse-workspace\Project\JavaAngular\Hibernate\persistence\src\test\resources
2024-12-11 12:02:08,017 [Worker-39: Building] INFO  o.a.m.s.f.DefaultMavenResourcesFiltering - skip non existing resourceDirectory C:\Users\kunar\eclipse-workspace\Project\JavaAngular\Hibernate\persistence\src\main\resources
2024-12-11 12:02:08,023 [Worker-39: Building] INFO  o.a.m.s.f.DefaultMavenResourcesFiltering - skip non existing resourceDirectory C:\Users\kunar\eclipse-workspace\Project\JavaAngular\Hibernate\persistence\src\test\resources
2024-12-11 12:04:38,023 [Worker-38: Building] INFO  o.a.m.s.f.DefaultMavenResourcesFiltering - skip non existing resourceDirectory C:\Users\kunar\eclipse-workspace\Project\JavaAngular\Hibernate\persistence\src\main\resources
2024-12-11 12:04:38,029 [Worker-38: Building] INFO  o.a.m.s.f.DefaultMavenResourcesFiltering - skip non existing resourceDirectory C:\Users\kunar\eclipse-workspace\Project\JavaAngular\Hibernate\persistence\src\test\resources
2024-12-11 12:05:11,313 [Worker-42: Building] INFO  o.a.m.s.f.DefaultMavenResourcesFiltering - skip non existing resourceDirectory C:\Users\kunar\eclipse-workspace\Project\JavaAngular\Hibernate\persistence\src\main\resources
2024-12-11 12:05:11,319 [Worker-42: Building] INFO  o.a.m.s.f.DefaultMavenResourcesFiltering - skip non existing resourceDirectory C:\Users\kunar\eclipse-workspace\Project\JavaAngular\Hibernate\persistence\src\test\resources
2024-12-11 12:09:03,480 [Worker-44: Building] INFO  o.a.m.s.f.DefaultMavenResourcesFiltering - skip non existing resourceDirectory C:\Users\kunar\eclipse-workspace\Project\JavaAngular\Hibernate\persistence\src\main\resources
2024-12-11 12:09:03,490 [Worker-44: Building] INFO  o.a.m.s.f.DefaultMavenResourcesFiltering - skip non existing resourceDirectory C:\Users\kunar\eclipse-workspace\Project\JavaAngular\Hibernate\persistence\src\test\resources
2024-12-11 12:21:56,837 [Start Help Server] INFO  org.eclipse.jetty.server.Server - jetty-10.0.11; built: 2022-06-21T21:12:44.640Z; git: d988aa016e0bb2de6fba84c1659049c72eae3e32; jvm 17.0.4.1+1
2024-12-11 12:21:56,871 [Start Help Server] INFO  o.e.j.s.s.DefaultSessionIdManager - Session workerName=node0
2024-12-11 12:21:56,928 [Start Help Server] INFO  o.e.j.server.handler.ContextHandler - Started o.e.j.s.ServletContextHandler@25d31965{/help,null,AVAILABLE}
2024-12-11 12:21:56,978 [Start Help Server] INFO  o.e.jetty.server.AbstractConnector - Started ServerConnector@516fb43{HTTP/1.1, (http/1.1)}{127.0.0.1:52313}
2024-12-11 12:21:57,025 [Start Help Server] INFO  org.eclipse.jetty.server.Server - Started Server@3921a91{STARTING}[10.0.11,sto=0] @6759143ms
2024-12-11 12:25:19,529 [Worker-48: Building] INFO  o.a.m.s.f.DefaultMavenResourcesFiltering - skip non existing resourceDirectory C:\Users\kunar\eclipse-workspace\Project\JavaAngular\Hibernate\persistence\src\main\resources
2024-12-11 12:25:19,534 [Worker-48: Building] INFO  o.a.m.s.f.DefaultMavenResourcesFiltering - skip non existing resourceDirectory C:\Users\kunar\eclipse-workspace\Project\JavaAngular\Hibernate\persistence\src\test\resources
2024-12-11 12:26:26,844 [Worker-48: Building] INFO  o.a.m.s.f.DefaultMavenResourcesFiltering - skip non existing resourceDirectory C:\Users\kunar\eclipse-workspace\Project\JavaAngular\Hibernate\persistence\src\main\resources
2024-12-11 12:26:26,846 [Worker-48: Building] INFO  o.a.m.s.f.DefaultMavenResourcesFiltering - skip non existing resourceDirectory C:\Users\kunar\eclipse-workspace\Project\JavaAngular\Hibernate\persistence\src\test\resources
2024-12-11 12:27:04,892 [Worker-49: Building] INFO  o.a.m.s.f.DefaultMavenResourcesFiltering - skip non existing resourceDirectory C:\Users\kunar\eclipse-workspace\Project\JavaAngular\Hibernate\persistence\src\main\resources
2024-12-11 12:27:04,895 [Worker-49: Building] INFO  o.a.m.s.f.DefaultMavenResourcesFiltering - skip non existing resourceDirectory C:\Users\kunar\eclipse-workspace\Project\JavaAngular\Hibernate\persistence\src\test\resources
2024-12-11 12:28:18,583 [Worker-47: Building] INFO  o.a.m.s.f.DefaultMavenResourcesFiltering - skip non existing resourceDirectory C:\Users\kunar\eclipse-workspace\Project\JavaAngular\Hibernate\persistence\src\main\resources
2024-12-11 12:28:18,585 [Worker-47: Building] INFO  o.a.m.s.f.DefaultMavenResourcesFiltering - skip non existing resourceDirectory C:\Users\kunar\eclipse-workspace\Project\JavaAngular\Hibernate\persistence\src\test\resources
2024-12-11 12:30:13,710 [Worker-53: Building] INFO  o.a.m.s.f.DefaultMavenResourcesFiltering - skip non existing resourceDirectory C:\Users\kunar\eclipse-workspace\Project\JavaAngular\Hibernate\persistence\src\main\resources
2024-12-11 12:30:13,712 [Worker-53: Building] INFO  o.a.m.s.f.DefaultMavenResourcesFiltering - skip non existing resourceDirectory C:\Users\kunar\eclipse-workspace\Project\JavaAngular\Hibernate\persistence\src\test\resources
2024-12-11 12:31:06,749 [Worker-47: Building] INFO  o.a.m.s.f.DefaultMavenResourcesFiltering - skip non existing resourceDirectory C:\Users\kunar\eclipse-workspace\Project\JavaAngular\Hibernate\persistence\src\main\resources
2024-12-11 12:31:06,753 [Worker-47: Building] INFO  o.a.m.s.f.DefaultMavenResourcesFiltering - skip non existing resourceDirectory C:\Users\kunar\eclipse-workspace\Project\JavaAngular\Hibernate\persistence\src\test\resources
2024-12-11 12:32:26,463 [Worker-47: Building] INFO  o.a.m.s.f.DefaultMavenResourcesFiltering - skip non existing resourceDirectory C:\Users\kunar\eclipse-workspace\Project\JavaAngular\Hibernate\persistence\src\main\resources
2024-12-11 12:32:26,465 [Worker-47: Building] INFO  o.a.m.s.f.DefaultMavenResourcesFiltering - skip non existing resourceDirectory C:\Users\kunar\eclipse-workspace\Project\JavaAngular\Hibernate\persistence\src\test\resources
2024-12-11 12:32:45,914 [Worker-49: Building] INFO  o.a.m.s.f.DefaultMavenResourcesFiltering - skip non existing resourceDirectory C:\Users\kunar\eclipse-workspace\Project\JavaAngular\Hibernate\persistence\src\main\resources
2024-12-11 12:32:45,919 [Worker-49: Building] INFO  o.a.m.s.f.DefaultMavenResourcesFiltering - skip non existing resourceDirectory C:\Users\kunar\eclipse-workspace\Project\JavaAngular\Hibernate\persistence\src\test\resources
2024-12-11 12:33:29,211 [Worker-54: Building] INFO  o.a.m.s.f.DefaultMavenResourcesFiltering - skip non existing resourceDirectory C:\Users\kunar\eclipse-workspace\Project\JavaAngular\Hibernate\persistence\src\main\resources
2024-12-11 12:33:29,213 [Worker-54: Building] INFO  o.a.m.s.f.DefaultMavenResourcesFiltering - skip non existing resourceDirectory C:\Users\kunar\eclipse-workspace\Project\JavaAngular\Hibernate\persistence\src\test\resources
2024-12-11 12:42:53,085 [Worker-57: Building] INFO  o.a.m.s.f.DefaultMavenResourcesFiltering - skip non existing resourceDirectory C:\Users\kunar\eclipse-workspace\Project\JavaAngular\Hibernate\persistence\src\main\resources
2024-12-11 12:42:53,089 [Worker-57: Building] INFO  o.a.m.s.f.DefaultMavenResourcesFiltering - skip non existing resourceDirectory C:\Users\kunar\eclipse-workspace\Project\JavaAngular\Hibernate\persistence\src\test\resources
2024-12-11 12:44:52,625 [Worker-55: Building] INFO  o.a.m.s.f.DefaultMavenResourcesFiltering - skip non existing resourceDirectory C:\Users\kunar\eclipse-workspace\Project\JavaAngular\Hibernate\persistence\src\main\resources
2024-12-11 12:44:52,627 [Worker-55: Building] INFO  o.a.m.s.f.DefaultMavenResourcesFiltering - skip non existing resourceDirectory C:\Users\kunar\eclipse-workspace\Project\JavaAngular\Hibernate\persistence\src\test\resources
2024-12-11 12:44:58,114 [Stop Help Server] INFO  org.eclipse.jetty.server.Server - Stopped Server@3921a91{STOPPING}[10.0.11,sto=0]
2024-12-11 12:44:58,164 [Stop Help Server] INFO  o.e.jetty.server.AbstractConnector - Stopped ServerConnector@516fb43{HTTP/1.1, (http/1.1)}{127.0.0.1:0}
2024-12-11 12:44:58,222 [Stop Help Server] INFO  o.e.j.server.handler.ContextHandler - Stopped o.e.j.s.ServletContextHandler@25d31965{/help,null,STOPPED}
2024-12-11 12:45:36,830 [Worker-1: Loading available Gradle versions] INFO  o.e.b.c.i.u.g.PublishedGradleVersions - Gradle version information cache is up-to-date. Trying to read.
2024-12-11 12:46:12,177 [Worker-0: Building] INFO  o.a.m.s.f.DefaultMavenResourcesFiltering - skip non existing resourceDirectory C:\Users\kunar\eclipse-workspace\Project\JavaAngular\Hibernate\persistence\src\main\resources
2024-12-11 12:46:12,182 [Worker-0: Building] INFO  o.a.m.s.f.DefaultMavenResourcesFiltering - skip non existing resourceDirectory C:\Users\kunar\eclipse-workspace\Project\JavaAngular\Hibernate\persistence\src\test\resources
2024-12-11 12:47:57,202 [Worker-0: Building] INFO  o.a.m.s.f.DefaultMavenResourcesFiltering - skip non existing resourceDirectory C:\Users\kunar\eclipse-workspace\Project\JavaAngular\Hibernate\persistence\src\main\resources
2024-12-11 12:47:57,206 [Worker-0: Building] INFO  o.a.m.s.f.DefaultMavenResourcesFiltering - skip non existing resourceDirectory C:\Users\kunar\eclipse-workspace\Project\JavaAngular\Hibernate\persistence\src\test\resources
2024-12-11 12:49:42,015 [Worker-4: Loading available Gradle versions] INFO  o.e.b.c.i.u.g.PublishedGradleVersions - Gradle version information cache is up-to-date. Trying to read.
2024-12-11 12:50:02,743 [Worker-1: Building] INFO  o.a.m.s.f.DefaultMavenResourcesFiltering - skip non existing resourceDirectory C:\Users\kunar\eclipse-workspace\Project\JavaAngular\Hibernate\persistence\src\main\resources
2024-12-11 12:50:02,767 [Worker-1: Building] INFO  o.a.m.s.f.DefaultMavenResourcesFiltering - skip non existing resourceDirectory C:\Users\kunar\eclipse-workspace\Project\JavaAngular\Hibernate\persistence\src\test\resources
2024-12-11 12:51:29,846 [Worker-0: Building] INFO  o.a.m.s.f.DefaultMavenResourcesFiltering - skip non existing resourceDirectory C:\Users\kunar\eclipse-workspace\Project\JavaAngular\Hibernate\persistence\src\main\resources
2024-12-11 12:51:29,850 [Worker-0: Building] INFO  o.a.m.s.f.DefaultMavenResourcesFiltering - skip non existing resourceDirectory C:\Users\kunar\eclipse-workspace\Project\JavaAngular\Hibernate\persistence\src\test\resources
2024-12-11 12:52:41,675 [main] ERROR o.e.m.c.i.p.r.ProjectRegistryReader - Can't read workspace state
java.io.InvalidClassException: org.eclipse.m2e.core.embedder.ArtifactKey; local class incompatible: stream classdesc serialVersionUID = 0, local class serialVersionUID = -8984509272834024387
	at java.base/java.io.ObjectStreamClass.initNonProxy(ObjectStreamClass.java:728)
	at java.base/java.io.ObjectInputStream.readNonProxyDesc(ObjectInputStream.java:2062)
	at java.base/java.io.ObjectInputStream.readClassDesc(ObjectInputStream.java:1909)
	at java.base/java.io.ObjectInputStream.readOrdinaryObject(ObjectInputStream.java:2235)
	at java.base/java.io.ObjectInputStream.readObject0(ObjectInputStream.java:1744)
	at java.base/java.io.ObjectInputStream.readObject(ObjectInputStream.java:514)
	at java.base/java.io.ObjectInputStream.readObject(ObjectInputStream.java:472)
	at java.base/java.util.HashMap.readObject(HashMap.java:1550)
	at java.base/jdk.internal.reflect.GeneratedMethodAccessor35.invoke(Unknown Source)
	at java.base/jdk.internal.reflect.DelegatingMethodAccessorImpl.invoke(DelegatingMethodAccessorImpl.java:43)
	at java.base/java.lang.reflect.Method.invoke(Method.java:568)
	at java.base/java.io.ObjectStreamClass.invokeReadObject(ObjectStreamClass.java:1231)
	at java.base/java.io.ObjectInputStream.readSerialData(ObjectInputStream.java:2434)
	at java.base/java.io.ObjectInputStream.readOrdinaryObject(ObjectInputStream.java:2268)
	at java.base/java.io.ObjectInputStream.readObject0(ObjectInputStream.java:1744)
	at java.base/java.io.ObjectInputStream$FieldValues.<init>(ObjectInputStream.java:2617)
	at java.base/java.io.ObjectInputStream.readSerialData(ObjectInputStream.java:2468)
	at java.base/java.io.ObjectInputStream.readOrdinaryObject(ObjectInputStream.java:2268)
	at java.base/java.io.ObjectInputStream.readObject0(ObjectInputStream.java:1744)
	at java.base/java.io.ObjectInputStream.readObject(ObjectInputStream.java:514)
	at java.base/java.io.ObjectInputStream.readObject(ObjectInputStream.java:472)
	at org.eclipse.m2e.core.internal.project.registry.ProjectRegistryReader.readWorkspaceState(ProjectRegistryReader.java:67)
	at org.eclipse.m2e.core.internal.project.registry.ProjectRegistryManager.<init>(ProjectRegistryManager.java:173)
	at org.eclipse.m2e.core.internal.MavenPluginActivator.start(MavenPluginActivator.java:218)
	at org.eclipse.osgi.internal.framework.BundleContextImpl$2.run(BundleContextImpl.java:813)
	at org.eclipse.osgi.internal.framework.BundleContextImpl$2.run(BundleContextImpl.java:1)
	at java.base/java.security.AccessController.doPrivileged(AccessController.java:569)
	at org.eclipse.osgi.internal.framework.BundleContextImpl.startActivator(BundleContextImpl.java:805)
	at org.eclipse.osgi.internal.framework.BundleContextImpl.start(BundleContextImpl.java:762)
	at org.eclipse.osgi.internal.framework.EquinoxBundle.startWorker0(EquinoxBundle.java:1032)
	at org.eclipse.osgi.internal.framework.EquinoxBundle$EquinoxModule.startWorker(EquinoxBundle.java:371)
	at org.eclipse.osgi.container.Module.doStart(Module.java:605)
	at org.eclipse.osgi.container.Module.start(Module.java:468)
	at org.eclipse.osgi.framework.util.SecureAction.start(SecureAction.java:513)
	at org.eclipse.osgi.internal.hooks.EclipseLazyStarter.postFindLocalClass(EclipseLazyStarter.java:117)
	at org.eclipse.osgi.internal.loader.classpath.ClasspathManager.findLocalClass(ClasspathManager.java:570)
	at org.eclipse.osgi.internal.loader.ModuleClassLoader.findLocalClass(ModuleClassLoader.java:335)
	at org.eclipse.osgi.internal.loader.BundleLoader.findLocalClass(BundleLoader.java:397)
	at org.eclipse.osgi.internal.loader.sources.SingleSourcePackage.loadClass(SingleSourcePackage.java:41)
	at org.eclipse.osgi.internal.loader.BundleLoader.findClass0(BundleLoader.java:484)
	at org.eclipse.osgi.internal.loader.BundleLoader.findClass(BundleLoader.java:416)
	at org.eclipse.osgi.internal.loader.ModuleClassLoader.loadClass(ModuleClassLoader.java:168)
	at java.base/java.lang.ClassLoader.loadClass(ClassLoader.java:520)
	at java.base/java.lang.Class.getDeclaredConstructors0(Native Method)
	at java.base/java.lang.Class.privateGetDeclaredConstructors(Class.java:3373)
	at java.base/java.lang.Class.getConstructor0(Class.java:3578)
	at java.base/java.lang.Class.getConstructor(Class.java:2271)
	at org.eclipse.osgi.internal.framework.BundleContextImpl.loadBundleActivator(BundleContextImpl.java:796)
	at org.eclipse.osgi.internal.framework.BundleContextImpl.start(BundleContextImpl.java:748)
	at org.eclipse.osgi.internal.framework.EquinoxBundle.startWorker0(EquinoxBundle.java:1032)
	at org.eclipse.osgi.internal.framework.EquinoxBundle$EquinoxModule.startWorker(EquinoxBundle.java:371)
	at org.eclipse.osgi.container.Module.doStart(Module.java:605)
	at org.eclipse.osgi.container.Module.start(Module.java:468)
	at org.eclipse.osgi.framework.util.SecureAction.start(SecureAction.java:513)
	at org.eclipse.osgi.internal.hooks.EclipseLazyStarter.postFindLocalClass(EclipseLazyStarter.java:117)
	at org.eclipse.osgi.internal.loader.classpath.ClasspathManager.findLocalClass(ClasspathManager.java:570)
	at org.eclipse.osgi.internal.loader.ModuleClassLoader.findLocalClass(ModuleClassLoader.java:335)
	at org.eclipse.osgi.internal.loader.BundleLoader.findLocalClass(BundleLoader.java:397)
	at org.eclipse.osgi.internal.loader.BundleLoader.findClass0(BundleLoader.java:488)
	at org.eclipse.osgi.internal.loader.BundleLoader.findClass(BundleLoader.java:416)
	at org.eclipse.osgi.internal.loader.ModuleClassLoader.loadClass(ModuleClassLoader.java:168)
	at java.base/java.lang.ClassLoader.loadClass(ClassLoader.java:520)
	at org.eclipse.osgi.internal.framework.EquinoxBundle.loadClass(EquinoxBundle.java:622)
	at org.eclipse.core.internal.registry.osgi.RegistryStrategyOSGI.createExecutableExtension(RegistryStrategyOSGI.java:196)
	at org.eclipse.core.internal.registry.ExtensionRegistry.createExecutableExtension(ExtensionRegistry.java:920)
	at org.eclipse.core.internal.registry.ConfigurationElement.createExecutableExtension(ConfigurationElement.java:246)
	at org.eclipse.core.internal.registry.ConfigurationElementHandle.createExecutableExtension(ConfigurationElementHandle.java:63)
	at org.eclipse.jdt.core.JavaCore.computeClasspathContainerInitializer(JavaCore.java:3830)
	at org.eclipse.jdt.core.JavaCore.getClasspathContainerInitializer(JavaCore.java:3806)
	at org.eclipse.jdt.internal.core.JavaModelManager.initializeContainer(JavaModelManager.java:3126)
	at org.eclipse.jdt.internal.core.JavaModelManager.getClasspathContainer(JavaModelManager.java:2093)
	at org.eclipse.jdt.core.JavaCore.getClasspathContainer(JavaCore.java:3783)
	at org.eclipse.jdt.internal.core.JavaProject.resolveClasspath(JavaProject.java:3240)
	at org.eclipse.jdt.internal.core.JavaProject.resolveClasspath(JavaProject.java:3404)
	at org.eclipse.jdt.internal.core.JavaProject.getResolvedClasspath(JavaProject.java:2489)
	at org.eclipse.jdt.internal.core.PackageFragmentRoot.getRawClasspathEntry(PackageFragmentRoot.java:607)
	at org.eclipse.jdt.internal.ui.packageview.PackageExplorerContentProvider.internalGetParent(PackageExplorerContentProvider.java:381)
	at org.eclipse.jdt.internal.ui.packageview.PackageExplorerContentProvider.processDelta(PackageExplorerContentProvider.java:734)
	at org.eclipse.jdt.internal.ui.packageview.PackageExplorerContentProvider.handleAffectedChildren(PackageExplorerContentProvider.java:815)
	at org.eclipse.jdt.internal.ui.packageview.PackageExplorerContentProvider.processDelta(PackageExplorerContentProvider.java:758)
	at org.eclipse.jdt.internal.ui.packageview.PackageExplorerContentProvider.handleAffectedChildren(PackageExplorerContentProvider.java:815)
	at org.eclipse.jdt.internal.ui.packageview.PackageExplorerContentProvider.processDelta(PackageExplorerContentProvider.java:758)
	at org.eclipse.jdt.internal.ui.packageview.PackageExplorerContentProvider.elementChanged(PackageExplorerContentProvider.java:139)
	at org.eclipse.jdt.internal.core.DeltaProcessor$3.run(DeltaProcessor.java:1755)
	at org.eclipse.core.runtime.SafeRunner.run(SafeRunner.java:45)
	at org.eclipse.jdt.internal.core.DeltaProcessor.notifyListeners(DeltaProcessor.java:1743)
	at org.eclipse.jdt.internal.core.DeltaProcessor.firePostChangeDelta(DeltaProcessor.java:1576)
	at org.eclipse.jdt.internal.core.DeltaProcessor.fire(DeltaProcessor.java:1552)
	at org.eclipse.jdt.internal.core.JavaModelOperation.run(JavaModelOperation.java:781)
	at org.eclipse.jdt.internal.core.JavaModelOperation.runOperation(JavaModelOperation.java:806)
	at org.eclipse.jdt.internal.core.CompilationUnit.becomeWorkingCopy(CompilationUnit.java:98)
	at org.eclipse.jdt.internal.ui.javaeditor.CompilationUnitDocumentProvider.createFileInfo(CompilationUnitDocumentProvider.java:1039)
	at org.eclipse.ui.editors.text.TextFileDocumentProvider.connect(TextFileDocumentProvider.java:481)
	at org.eclipse.jdt.internal.ui.javaeditor.CompilationUnitDocumentProvider.connect(CompilationUnitDocumentProvider.java:1284)
	at org.eclipse.ui.texteditor.AbstractTextEditor.doSetInput(AbstractTextEditor.java:4171)
	at org.eclipse.ui.texteditor.StatusTextEditor.doSetInput(StatusTextEditor.java:262)
	at org.eclipse.ui.texteditor.AbstractDecoratedTextEditor.doSetInput(AbstractDecoratedTextEditor.java:1479)
	at org.eclipse.jdt.internal.ui.javaeditor.JavaEditor.internalDoSetInput(JavaEditor.java:2554)
	at org.eclipse.jdt.internal.ui.javaeditor.JavaEditor.doSetInput(JavaEditor.java:2527)
	at org.eclipse.jdt.internal.ui.javaeditor.CompilationUnitEditor.doSetInput(CompilationUnitEditor.java:1411)
	at org.eclipse.ui.texteditor.AbstractTextEditor.lambda$1(AbstractTextEditor.java:3161)
	at org.eclipse.ui.internal.WorkbenchWindow.run(WorkbenchWindow.java:2290)
	at org.eclipse.ui.texteditor.AbstractTextEditor.internalInit(AbstractTextEditor.java:3178)
	at org.eclipse.ui.texteditor.AbstractTextEditor.init(AbstractTextEditor.java:3203)
	at org.eclipse.ui.internal.EditorReference.initialize(EditorReference.java:353)
	at org.eclipse.ui.internal.e4.compatibility.CompatibilityPart.create(CompatibilityPart.java:344)
	at java.base/jdk.internal.reflect.NativeMethodAccessorImpl.invoke0(Native Method)
	at java.base/jdk.internal.reflect.NativeMethodAccessorImpl.invoke(NativeMethodAccessorImpl.java:77)
	at java.base/jdk.internal.reflect.DelegatingMethodAccessorImpl.invoke(DelegatingMethodAccessorImpl.java:43)
	at java.base/java.lang.reflect.Method.invoke(Method.java:568)
	at org.eclipse.e4.core.internal.di.MethodRequestor.execute(MethodRequestor.java:58)
	at org.eclipse.e4.core.internal.di.InjectorImpl.processAnnotated(InjectorImpl.java:995)
	at org.eclipse.e4.core.internal.di.InjectorImpl.processAnnotated(InjectorImpl.java:960)
	at org.eclipse.e4.core.internal.di.InjectorImpl.internalInject(InjectorImpl.java:140)
	at org.eclipse.e4.core.internal.di.InjectorImpl.internalMake(InjectorImpl.java:403)
	at org.eclipse.e4.core.internal.di.InjectorImpl.make(InjectorImpl.java:330)
	at org.eclipse.e4.core.contexts.ContextInjectionFactory.make(ContextInjectionFactory.java:202)
	at org.eclipse.e4.ui.internal.workbench.ReflectionContributionFactory.createFromBundle(ReflectionContributionFactory.java:91)
	at org.eclipse.e4.ui.internal.workbench.ReflectionContributionFactory.doCreate(ReflectionContributionFactory.java:60)
	at org.eclipse.e4.ui.internal.workbench.ReflectionContributionFactory.create(ReflectionContributionFactory.java:42)
	at org.eclipse.e4.ui.workbench.renderers.swt.ContributedPartRenderer.createWidget(ContributedPartRenderer.java:132)
	at org.eclipse.e4.ui.internal.workbench.swt.PartRenderingEngine.createWidget(PartRenderingEngine.java:995)
	at org.eclipse.e4.ui.internal.workbench.swt.PartRenderingEngine.safeCreateGui(PartRenderingEngine.java:659)
	at org.eclipse.e4.ui.internal.workbench.swt.PartRenderingEngine.safeCreateGui(PartRenderingEngine.java:763)
	at org.eclipse.e4.ui.internal.workbench.swt.PartRenderingEngine$2.run(PartRenderingEngine.java:728)
	at org.eclipse.core.runtime.SafeRunner.run(SafeRunner.java:45)
	at org.eclipse.e4.ui.internal.workbench.swt.PartRenderingEngine.createGui(PartRenderingEngine.java:712)
	at org.eclipse.e4.ui.workbench.renderers.swt.StackRenderer.showTab(StackRenderer.java:1209)
	at org.eclipse.e4.ui.workbench.renderers.swt.LazyStackRenderer.postProcess(LazyStackRenderer.java:116)
	at org.eclipse.e4.ui.internal.workbench.swt.PartRenderingEngine.safeCreateGui(PartRenderingEngine.java:677)
	at org.eclipse.e4.ui.internal.workbench.swt.PartRenderingEngine.safeCreateGui(PartRenderingEngine.java:763)
	at org.eclipse.e4.ui.internal.workbench.swt.PartRenderingEngine$2.run(PartRenderingEngine.java:728)
	at org.eclipse.core.runtime.SafeRunner.run(SafeRunner.java:45)
	at org.eclipse.e4.ui.internal.workbench.swt.PartRenderingEngine.createGui(PartRenderingEngine.java:712)
	at org.eclipse.e4.ui.workbench.renderers.swt.SWTPartRenderer.processContents(SWTPartRenderer.java:72)
	at org.eclipse.e4.ui.internal.workbench.swt.PartRenderingEngine.safeCreateGui(PartRenderingEngine.java:673)
	at org.eclipse.e4.ui.internal.workbench.swt.PartRenderingEngine$1.run(PartRenderingEngine.java:544)
	at org.eclipse.core.runtime.SafeRunner.run(SafeRunner.java:45)
	at org.eclipse.e4.ui.internal.workbench.swt.PartRenderingEngine.createGui(PartRenderingEngine.java:528)
	at org.eclipse.e4.ui.workbench.renderers.swt.ElementReferenceRenderer.createWidget(ElementReferenceRenderer.java:73)
	at org.eclipse.e4.ui.internal.workbench.swt.PartRenderingEngine.createWidget(PartRenderingEngine.java:995)
	at org.eclipse.e4.ui.internal.workbench.swt.PartRenderingEngine.safeCreateGui(PartRenderingEngine.java:659)
	at org.eclipse.e4.ui.internal.workbench.swt.PartRenderingEngine.safeCreateGui(PartRenderingEngine.java:763)
	at org.eclipse.e4.ui.internal.workbench.swt.PartRenderingEngine$2.run(PartRenderingEngine.java:728)
	at org.eclipse.core.runtime.SafeRunner.run(SafeRunner.java:45)
	at org.eclipse.e4.ui.internal.workbench.swt.PartRenderingEngine.createGui(PartRenderingEngine.java:712)
	at org.eclipse.e4.ui.workbench.renderers.swt.SWTPartRenderer.processContents(SWTPartRenderer.java:72)
	at org.eclipse.e4.ui.workbench.renderers.swt.SashRenderer.processContents(SashRenderer.java:150)
	at org.eclipse.e4.ui.internal.workbench.swt.PartRenderingEngine.safeCreateGui(PartRenderingEngine.java:673)
	at org.eclipse.e4.ui.internal.workbench.swt.PartRenderingEngine.safeCreateGui(PartRenderingEngine.java:763)
	at org.eclipse.e4.ui.internal.workbench.swt.PartRenderingEngine$2.run(PartRenderingEngine.java:728)
	at org.eclipse.core.runtime.SafeRunner.run(SafeRunner.java:45)
	at org.eclipse.e4.ui.internal.workbench.swt.PartRenderingEngine.createGui(PartRenderingEngine.java:712)
	at org.eclipse.e4.ui.workbench.renderers.swt.SWTPartRenderer.processContents(SWTPartRenderer.java:72)
	at org.eclipse.e4.ui.workbench.renderers.swt.SashRenderer.processContents(SashRenderer.java:150)
	at org.eclipse.e4.ui.internal.workbench.swt.PartRenderingEngine.safeCreateGui(PartRenderingEngine.java:673)
	at org.eclipse.e4.ui.internal.workbench.swt.PartRenderingEngine.safeCreateGui(PartRenderingEngine.java:763)
	at org.eclipse.e4.ui.internal.workbench.swt.PartRenderingEngine$2.run(PartRenderingEngine.java:728)
	at org.eclipse.core.runtime.SafeRunner.run(SafeRunner.java:45)
	at org.eclipse.e4.ui.internal.workbench.swt.PartRenderingEngine.createGui(PartRenderingEngine.java:712)
	at org.eclipse.e4.ui.workbench.renderers.swt.SWTPartRenderer.processContents(SWTPartRenderer.java:72)
	at org.eclipse.e4.ui.workbench.renderers.swt.SashRenderer.processContents(SashRenderer.java:150)
	at org.eclipse.e4.ui.internal.workbench.swt.PartRenderingEngine.safeCreateGui(PartRenderingEngine.java:673)
	at org.eclipse.e4.ui.internal.workbench.swt.PartRenderingEngine.safeCreateGui(PartRenderingEngine.java:763)
	at org.eclipse.e4.ui.internal.workbench.swt.PartRenderingEngine$2.run(PartRenderingEngine.java:728)
	at org.eclipse.core.runtime.SafeRunner.run(SafeRunner.java:45)
	at org.eclipse.e4.ui.internal.workbench.swt.PartRenderingEngine.createGui(PartRenderingEngine.java:712)
	at org.eclipse.e4.ui.workbench.renderers.swt.SWTPartRenderer.processContents(SWTPartRenderer.java:72)
	at org.eclipse.e4.ui.workbench.renderers.swt.PerspectiveRenderer.processContents(PerspectiveRenderer.java:51)
	at org.eclipse.e4.ui.internal.workbench.swt.PartRenderingEngine.safeCreateGui(PartRenderingEngine.java:673)
	at org.eclipse.e4.ui.internal.workbench.swt.PartRenderingEngine.safeCreateGui(PartRenderingEngine.java:763)
	at org.eclipse.e4.ui.internal.workbench.swt.PartRenderingEngine$2.run(PartRenderingEngine.java:728)
	at org.eclipse.core.runtime.SafeRunner.run(SafeRunner.java:45)
	at org.eclipse.e4.ui.internal.workbench.swt.PartRenderingEngine.createGui(PartRenderingEngine.java:712)
	at org.eclipse.e4.ui.workbench.renderers.swt.PerspectiveStackRenderer.showTab(PerspectiveStackRenderer.java:82)
	at org.eclipse.e4.ui.workbench.renderers.swt.LazyStackRenderer.postProcess(LazyStackRenderer.java:116)
	at org.eclipse.e4.ui.workbench.renderers.swt.PerspectiveStackRenderer.postProcess(PerspectiveStackRenderer.java:64)
	at org.eclipse.e4.ui.internal.workbench.swt.PartRenderingEngine.safeCreateGui(PartRenderingEngine.java:677)
	at org.eclipse.e4.ui.internal.workbench.swt.PartRenderingEngine.safeCreateGui(PartRenderingEngine.java:763)
	at org.eclipse.e4.ui.internal.workbench.swt.PartRenderingEngine$2.run(PartRenderingEngine.java:728)
	at org.eclipse.core.runtime.SafeRunner.run(SafeRunner.java:45)
	at org.eclipse.e4.ui.internal.workbench.swt.PartRenderingEngine.createGui(PartRenderingEngine.java:712)
	at org.eclipse.e4.ui.workbench.renderers.swt.SWTPartRenderer.processContents(SWTPartRenderer.java:72)
	at org.eclipse.e4.ui.workbench.renderers.swt.SashRenderer.processContents(SashRenderer.java:150)
	at org.eclipse.e4.ui.internal.workbench.swt.PartRenderingEngine.safeCreateGui(PartRenderingEngine.java:673)
	at org.eclipse.e4.ui.internal.workbench.swt.PartRenderingEngine.safeCreateGui(PartRenderingEngine.java:763)
	at org.eclipse.e4.ui.internal.workbench.swt.PartRenderingEngine$2.run(PartRenderingEngine.java:728)
	at org.eclipse.core.runtime.SafeRunner.run(SafeRunner.java:45)
	at org.eclipse.e4.ui.internal.workbench.swt.PartRenderingEngine.createGui(PartRenderingEngine.java:712)
	at org.eclipse.e4.ui.workbench.renderers.swt.SWTPartRenderer.processContents(SWTPartRenderer.java:72)
	at org.eclipse.e4.ui.workbench.renderers.swt.WBWRenderer.processContents(WBWRenderer.java:658)
	at org.eclipse.e4.ui.internal.workbench.swt.PartRenderingEngine.safeCreateGui(PartRenderingEngine.java:673)
	at org.eclipse.e4.ui.internal.workbench.swt.PartRenderingEngine.safeCreateGui(PartRenderingEngine.java:763)
	at org.eclipse.e4.ui.internal.workbench.swt.PartRenderingEngine$2.run(PartRenderingEngine.java:728)
	at org.eclipse.core.runtime.SafeRunner.run(SafeRunner.java:45)
	at org.eclipse.e4.ui.internal.workbench.swt.PartRenderingEngine.createGui(PartRenderingEngine.java:712)
	at org.eclipse.e4.ui.internal.workbench.swt.PartRenderingEngine$5.run(PartRenderingEngine.java:1083)
	at org.eclipse.core.databinding.observable.Realm.runWithDefault(Realm.java:338)
	at org.eclipse.e4.ui.internal.workbench.swt.PartRenderingEngine.run(PartRenderingEngine.java:1046)
	at org.eclipse.e4.ui.internal.workbench.E4Workbench.createAndRunUI(E4Workbench.java:155)
	at org.eclipse.ui.internal.Workbench.lambda$3(Workbench.java:644)
	at org.eclipse.core.databinding.observable.Realm.runWithDefault(Realm.java:338)
	at org.eclipse.ui.internal.Workbench.createAndRunWorkbench(Workbench.java:551)
	at org.eclipse.ui.PlatformUI.createAndRunWorkbench(PlatformUI.java:156)
	at org.eclipse.ui.internal.ide.application.IDEApplication.start(IDEApplication.java:152)
	at org.eclipse.equinox.internal.app.EclipseAppHandle.run(EclipseAppHandle.java:203)
	at org.eclipse.core.runtime.internal.adaptor.EclipseAppLauncher.runApplication(EclipseAppLauncher.java:136)
	at org.eclipse.core.runtime.internal.adaptor.EclipseAppLauncher.start(EclipseAppLauncher.java:104)
	at org.eclipse.core.runtime.adaptor.EclipseStarter.run(EclipseStarter.java:401)
	at org.eclipse.core.runtime.adaptor.EclipseStarter.run(EclipseStarter.java:255)
	at java.base/jdk.internal.reflect.NativeMethodAccessorImpl.invoke0(Native Method)
	at java.base/jdk.internal.reflect.NativeMethodAccessorImpl.invoke(NativeMethodAccessorImpl.java:77)
	at java.base/jdk.internal.reflect.DelegatingMethodAccessorImpl.invoke(DelegatingMethodAccessorImpl.java:43)
	at java.base/java.lang.reflect.Method.invoke(Method.java:568)
	at org.eclipse.equinox.launcher.Main.invokeFramework(Main.java:659)
	at org.eclipse.equinox.launcher.Main.basicRun(Main.java:596)
	at org.eclipse.equinox.launcher.Main.run(Main.java:1467)
2024-12-11 12:52:44,657 [Worker-4: Loading available Gradle versions] INFO  o.e.b.c.i.u.g.PublishedGradleVersions - Gradle version information cache is up-to-date. Trying to read.
2024-12-11 12:52:45,877 [Worker-8: Updating Maven Dependencies] INFO  o.e.m.c.i.l.LifecycleMappingFactory - Using org.eclipse.m2e.jdt.JarLifecycleMapping lifecycle mapping for MavenProject: hiberante:persistence:0.0.1-SNAPSHOT @ C:\Users\kunar\eclipse-workspace\Project\JavaAngular\Hibernate\persistence\pom.xml.
2024-12-11 12:52:47,502 [Worker-12: Building] INFO  o.a.m.s.f.DefaultMavenResourcesFiltering - skip non existing resourceDirectory C:\Users\kunar\eclipse-workspace\Project\JavaAngular\Hibernate\persistence\src\main\resources
2024-12-11 12:52:47,505 [Worker-12: Building] INFO  o.a.m.s.f.DefaultMavenResourcesFiltering - skip non existing resourceDirectory C:\Users\kunar\eclipse-workspace\Project\JavaAngular\Hibernate\persistence\src\test\resources
2024-12-11 12:53:02,100 [Worker-0: Building] INFO  o.a.m.s.f.DefaultMavenResourcesFiltering - skip non existing resourceDirectory C:\Users\kunar\eclipse-workspace\Project\JavaAngular\Hibernate\persistence\src\main\resources
2024-12-11 12:53:02,102 [Worker-0: Building] INFO  o.a.m.s.f.DefaultMavenResourcesFiltering - skip non existing resourceDirectory C:\Users\kunar\eclipse-workspace\Project\JavaAngular\Hibernate\persistence\src\test\resources
2024-12-11 12:53:30,185 [Worker-16: Building] INFO  o.a.m.s.f.DefaultMavenResourcesFiltering - skip non existing resourceDirectory C:\Users\kunar\eclipse-workspace\Project\JavaAngular\Hibernate\persistence\src\main\resources
2024-12-11 12:53:30,186 [Worker-16: Building] INFO  o.a.m.s.f.DefaultMavenResourcesFiltering - skip non existing resourceDirectory C:\Users\kunar\eclipse-workspace\Project\JavaAngular\Hibernate\persistence\src\test\resources
2024-12-11 13:29:25,722 [Worker-25: Building] INFO  o.e.m.c.i.l.LifecycleMappingFactory - Using org.eclipse.m2e.jdt.JarLifecycleMapping lifecycle mapping for MavenProject: hiberante:persistence:0.0.1-SNAPSHOT @ C:\Users\kunar\eclipse-workspace\Project\JavaAngular\Hibernate\persistence2\pom.xml.
2024-12-11 13:29:26,157 [Worker-25: Building] INFO  o.a.m.s.f.DefaultMavenResourcesFiltering - skip non existing resourceDirectory C:\Users\kunar\eclipse-workspace\Project\JavaAngular\Hibernate\persistence2\src\main\resources
2024-12-11 13:29:26,159 [Worker-25: Building] INFO  o.a.m.s.f.DefaultMavenResourcesFiltering - skip non existing resourceDirectory C:\Users\kunar\eclipse-workspace\Project\JavaAngular\Hibernate\persistence2\src\test\resources
2024-12-11 13:29:27,511 [Worker-24: Building] INFO  o.a.m.s.f.DefaultMavenResourcesFiltering - skip non existing resourceDirectory C:\Users\kunar\eclipse-workspace\Project\JavaAngular\Hibernate\persistence2\src\main\resources
2024-12-11 13:29:27,513 [Worker-24: Building] INFO  o.a.m.s.f.DefaultMavenResourcesFiltering - skip non existing resourceDirectory C:\Users\kunar\eclipse-workspace\Project\JavaAngular\Hibernate\persistence2\src\test\resources
2024-12-11 13:52:28,489 [Worker-32: Building] INFO  o.a.m.s.f.DefaultMavenResourcesFiltering - skip non existing resourceDirectory C:\Users\kunar\eclipse-workspace\Project\JavaAngular\Hibernate\persistence2\src\main\resources
2024-12-11 13:52:28,491 [Worker-32: Building] INFO  o.a.m.s.f.DefaultMavenResourcesFiltering - skip non existing resourceDirectory C:\Users\kunar\eclipse-workspace\Project\JavaAngular\Hibernate\persistence2\src\test\resources
2024-12-11 13:52:35,108 [Start Help Server] INFO  org.eclipse.jetty.server.Server - jetty-10.0.6; built: 2021-06-29T15:28:56.259Z; git: 37e7731b4b142a882d73974ff3bec78d621bd674; jvm 17.0.2+8
2024-12-11 13:52:35,134 [Start Help Server] INFO  o.e.j.s.s.DefaultSessionIdManager - Session workerName=node0
2024-12-11 13:52:35,165 [Start Help Server] INFO  o.e.j.server.handler.ContextHandler - Started o.e.j.s.ServletContextHandler@146fbd47{/help,null,AVAILABLE}
2024-12-11 13:52:35,190 [Start Help Server] INFO  o.e.jetty.server.AbstractConnector - Started ServerConnector@a08577c{HTTP/1.1, (http/1.1)}{127.0.0.1:53339}
2024-12-11 13:52:35,194 [Start Help Server] INFO  org.eclipse.jetty.server.Server - Started Server@47126012{STARTING}[10.0.6,sto=0] @3614156ms
2024-12-11 13:53:22,537 [Worker-30: Building] INFO  o.a.m.s.f.DefaultMavenResourcesFiltering - skip non existing resourceDirectory C:\Users\kunar\eclipse-workspace\Project\JavaAngular\Hibernate\persistence2\src\main\resources
2024-12-11 13:53:22,539 [Worker-30: Building] INFO  o.a.m.s.f.DefaultMavenResourcesFiltering - skip non existing resourceDirectory C:\Users\kunar\eclipse-workspace\Project\JavaAngular\Hibernate\persistence2\src\test\resources
2024-12-11 13:54:39,724 [Worker-32: Building] INFO  o.a.m.s.f.DefaultMavenResourcesFiltering - skip non existing resourceDirectory C:\Users\kunar\eclipse-workspace\Project\JavaAngular\Hibernate\persistence2\src\main\resources
2024-12-11 13:54:39,726 [Worker-32: Building] INFO  o.a.m.s.f.DefaultMavenResourcesFiltering - skip non existing resourceDirectory C:\Users\kunar\eclipse-workspace\Project\JavaAngular\Hibernate\persistence2\src\test\resources
2024-12-11 13:54:55,653 [Worker-33: Building] INFO  o.a.m.s.f.DefaultMavenResourcesFiltering - skip non existing resourceDirectory C:\Users\kunar\eclipse-workspace\Project\JavaAngular\Hibernate\persistence2\src\main\resources
2024-12-11 13:54:55,654 [Worker-33: Building] INFO  o.a.m.s.f.DefaultMavenResourcesFiltering - skip non existing resourceDirectory C:\Users\kunar\eclipse-workspace\Project\JavaAngular\Hibernate\persistence2\src\test\resources
2024-12-11 13:55:05,555 [Worker-25: Building] INFO  o.a.m.s.f.DefaultMavenResourcesFiltering - skip non existing resourceDirectory C:\Users\kunar\eclipse-workspace\Project\JavaAngular\Hibernate\persistence2\src\main\resources
2024-12-11 13:55:05,557 [Worker-25: Building] INFO  o.a.m.s.f.DefaultMavenResourcesFiltering - skip non existing resourceDirectory C:\Users\kunar\eclipse-workspace\Project\JavaAngular\Hibernate\persistence2\src\test\resources
2024-12-11 15:06:21,010 [Worker-45: Building] INFO  o.a.m.s.f.DefaultMavenResourcesFiltering - skip non existing resourceDirectory C:\Users\kunar\eclipse-workspace\Project\JavaAngular\Hibernate\persistence2\src\main\resources
2024-12-11 15:06:21,012 [Worker-45: Building] INFO  o.a.m.s.f.DefaultMavenResourcesFiltering - skip non existing resourceDirectory C:\Users\kunar\eclipse-workspace\Project\JavaAngular\Hibernate\persistence2\src\test\resources
2024-12-11 15:06:57,611 [Worker-47: Building] INFO  o.a.m.s.f.DefaultMavenResourcesFiltering - skip non existing resourceDirectory C:\Users\kunar\eclipse-workspace\Project\JavaAngular\Hibernate\persistence2\src\main\resources
2024-12-11 15:06:57,612 [Worker-47: Building] INFO  o.a.m.s.f.DefaultMavenResourcesFiltering - skip non existing resourceDirectory C:\Users\kunar\eclipse-workspace\Project\JavaAngular\Hibernate\persistence2\src\test\resources
2024-12-11 15:08:10,724 [Worker-52: Building] INFO  o.a.m.s.f.DefaultMavenResourcesFiltering - skip non existing resourceDirectory C:\Users\kunar\eclipse-workspace\Project\JavaAngular\Hibernate\persistence2\src\main\resources
2024-12-11 15:08:10,726 [Worker-52: Building] INFO  o.a.m.s.f.DefaultMavenResourcesFiltering - skip non existing resourceDirectory C:\Users\kunar\eclipse-workspace\Project\JavaAngular\Hibernate\persistence2\src\test\resources
2024-12-11 15:08:17,772 [Worker-52: Building] INFO  o.a.m.s.f.DefaultMavenResourcesFiltering - skip non existing resourceDirectory C:\Users\kunar\eclipse-workspace\Project\JavaAngular\Hibernate\persistence2\src\main\resources
2024-12-11 15:08:17,774 [Worker-52: Building] INFO  o.a.m.s.f.DefaultMavenResourcesFiltering - skip non existing resourceDirectory C:\Users\kunar\eclipse-workspace\Project\JavaAngular\Hibernate\persistence2\src\test\resources
2024-12-11 15:08:54,242 [Worker-51: Building] INFO  o.a.m.s.f.DefaultMavenResourcesFiltering - skip non existing resourceDirectory C:\Users\kunar\eclipse-workspace\Project\JavaAngular\Hibernate\persistence2\src\main\resources
2024-12-11 15:08:54,244 [Worker-51: Building] INFO  o.a.m.s.f.DefaultMavenResourcesFiltering - skip non existing resourceDirectory C:\Users\kunar\eclipse-workspace\Project\JavaAngular\Hibernate\persistence2\src\test\resources
2024-12-11 15:11:06,749 [Worker-50: Building] INFO  o.a.m.s.f.DefaultMavenResourcesFiltering - skip non existing resourceDirectory C:\Users\kunar\eclipse-workspace\Project\JavaAngular\Hibernate\persistence2\src\main\resources
2024-12-11 15:11:06,752 [Worker-50: Building] INFO  o.a.m.s.f.DefaultMavenResourcesFiltering - skip non existing resourceDirectory C:\Users\kunar\eclipse-workspace\Project\JavaAngular\Hibernate\persistence2\src\test\resources
2024-12-11 15:12:02,210 [Worker-50: Building] INFO  o.a.m.s.f.DefaultMavenResourcesFiltering - skip non existing resourceDirectory C:\Users\kunar\eclipse-workspace\Project\JavaAngular\Hibernate\persistence2\src\main\resources
2024-12-11 15:12:02,211 [Worker-50: Building] INFO  o.a.m.s.f.DefaultMavenResourcesFiltering - skip non existing resourceDirectory C:\Users\kunar\eclipse-workspace\Project\JavaAngular\Hibernate\persistence2\src\test\resources
2024-12-11 15:12:33,046 [Worker-49: Building] INFO  o.a.m.s.f.DefaultMavenResourcesFiltering - skip non existing resourceDirectory C:\Users\kunar\eclipse-workspace\Project\JavaAngular\Hibernate\persistence2\src\main\resources
2024-12-11 15:12:33,047 [Worker-49: Building] INFO  o.a.m.s.f.DefaultMavenResourcesFiltering - skip non existing resourceDirectory C:\Users\kunar\eclipse-workspace\Project\JavaAngular\Hibernate\persistence2\src\test\resources
2024-12-11 15:12:44,133 [Worker-47: Building] INFO  o.a.m.s.f.DefaultMavenResourcesFiltering - skip non existing resourceDirectory C:\Users\kunar\eclipse-workspace\Project\JavaAngular\Hibernate\persistence2\src\main\resources
2024-12-11 15:12:44,135 [Worker-47: Building] INFO  o.a.m.s.f.DefaultMavenResourcesFiltering - skip non existing resourceDirectory C:\Users\kunar\eclipse-workspace\Project\JavaAngular\Hibernate\persistence2\src\test\resources
2024-12-11 15:13:19,155 [Worker-47: Building] INFO  o.a.m.s.f.DefaultMavenResourcesFiltering - skip non existing resourceDirectory C:\Users\kunar\eclipse-workspace\Project\JavaAngular\Hibernate\persistence2\src\main\resources
2024-12-11 15:13:19,156 [Worker-47: Building] INFO  o.a.m.s.f.DefaultMavenResourcesFiltering - skip non existing resourceDirectory C:\Users\kunar\eclipse-workspace\Project\JavaAngular\Hibernate\persistence2\src\test\resources
2024-12-11 15:14:18,196 [Worker-52: Building] INFO  o.a.m.s.f.DefaultMavenResourcesFiltering - skip non existing resourceDirectory C:\Users\kunar\eclipse-workspace\Project\JavaAngular\Hibernate\persistence2\src\main\resources
2024-12-11 15:14:18,197 [Worker-52: Building] INFO  o.a.m.s.f.DefaultMavenResourcesFiltering - skip non existing resourceDirectory C:\Users\kunar\eclipse-workspace\Project\JavaAngular\Hibernate\persistence2\src\test\resources
2024-12-11 15:14:25,590 [Worker-47: Building] INFO  o.a.m.s.f.DefaultMavenResourcesFiltering - skip non existing resourceDirectory C:\Users\kunar\eclipse-workspace\Project\JavaAngular\Hibernate\persistence2\src\main\resources
2024-12-11 15:14:25,590 [Worker-47: Building] INFO  o.a.m.s.f.DefaultMavenResourcesFiltering - skip non existing resourceDirectory C:\Users\kunar\eclipse-workspace\Project\JavaAngular\Hibernate\persistence2\src\test\resources
2024-12-11 15:15:05,039 [Worker-50: Building] INFO  o.a.m.s.f.DefaultMavenResourcesFiltering - skip non existing resourceDirectory C:\Users\kunar\eclipse-workspace\Project\JavaAngular\Hibernate\persistence2\src\main\resources
2024-12-11 15:15:05,040 [Worker-50: Building] INFO  o.a.m.s.f.DefaultMavenResourcesFiltering - skip non existing resourceDirectory C:\Users\kunar\eclipse-workspace\Project\JavaAngular\Hibernate\persistence2\src\test\resources
2024-12-11 15:15:38,034 [Worker-47: Building] INFO  o.a.m.s.f.DefaultMavenResourcesFiltering - skip non existing resourceDirectory C:\Users\kunar\eclipse-workspace\Project\JavaAngular\Hibernate\persistence2\src\main\resources
2024-12-11 15:15:38,036 [Worker-47: Building] INFO  o.a.m.s.f.DefaultMavenResourcesFiltering - skip non existing resourceDirectory C:\Users\kunar\eclipse-workspace\Project\JavaAngular\Hibernate\persistence2\src\test\resources
2024-12-11 15:17:51,294 [Worker-51: Building] INFO  o.a.m.s.f.DefaultMavenResourcesFiltering - skip non existing resourceDirectory C:\Users\kunar\eclipse-workspace\Project\JavaAngular\Hibernate\persistence2\src\main\resources
2024-12-11 15:17:51,296 [Worker-51: Building] INFO  o.a.m.s.f.DefaultMavenResourcesFiltering - skip non existing resourceDirectory C:\Users\kunar\eclipse-workspace\Project\JavaAngular\Hibernate\persistence2\src\test\resources
2024-12-11 15:18:06,822 [Worker-52: Building] INFO  o.a.m.s.f.DefaultMavenResourcesFiltering - skip non existing resourceDirectory C:\Users\kunar\eclipse-workspace\Project\JavaAngular\Hibernate\persistence2\src\main\resources
2024-12-11 15:18:06,823 [Worker-52: Building] INFO  o.a.m.s.f.DefaultMavenResourcesFiltering - skip non existing resourceDirectory C:\Users\kunar\eclipse-workspace\Project\JavaAngular\Hibernate\persistence2\src\test\resources
2024-12-11 15:18:55,568 [Worker-50: Building] INFO  o.a.m.s.f.DefaultMavenResourcesFiltering - skip non existing resourceDirectory C:\Users\kunar\eclipse-workspace\Project\JavaAngular\Hibernate\persistence2\src\main\resources
2024-12-11 15:18:55,570 [Worker-50: Building] INFO  o.a.m.s.f.DefaultMavenResourcesFiltering - skip non existing resourceDirectory C:\Users\kunar\eclipse-workspace\Project\JavaAngular\Hibernate\persistence2\src\test\resources
2024-12-11 15:25:31,241 [Worker-50: Building] INFO  o.a.m.s.f.DefaultMavenResourcesFiltering - skip non existing resourceDirectory C:\Users\kunar\eclipse-workspace\Project\JavaAngular\Hibernate\persistence2\src\main\resources
2024-12-11 15:25:31,244 [Worker-50: Building] INFO  o.a.m.s.f.DefaultMavenResourcesFiltering - skip non existing resourceDirectory C:\Users\kunar\eclipse-workspace\Project\JavaAngular\Hibernate\persistence2\src\test\resources
2024-12-11 15:45:41,618 [Worker-58: Building] INFO  o.a.m.s.f.DefaultMavenResourcesFiltering - skip non existing resourceDirectory C:\Users\kunar\eclipse-workspace\Project\JavaAngular\Hibernate\persistence2\src\main\resources
2024-12-11 15:45:41,621 [Worker-58: Building] INFO  o.a.m.s.f.DefaultMavenResourcesFiltering - skip non existing resourceDirectory C:\Users\kunar\eclipse-workspace\Project\JavaAngular\Hibernate\persistence2\src\test\resources
2024-12-11 15:47:20,986 [Worker-57: Building] INFO  o.a.m.s.f.DefaultMavenResourcesFiltering - skip non existing resourceDirectory C:\Users\kunar\eclipse-workspace\Project\JavaAngular\Hibernate\persistence2\src\main\resources
2024-12-11 15:47:20,989 [Worker-57: Building] INFO  o.a.m.s.f.DefaultMavenResourcesFiltering - skip non existing resourceDirectory C:\Users\kunar\eclipse-workspace\Project\JavaAngular\Hibernate\persistence2\src\test\resources
2024-12-11 15:47:30,396 [Worker-56: Building] INFO  o.a.m.s.f.DefaultMavenResourcesFiltering - skip non existing resourceDirectory C:\Users\kunar\eclipse-workspace\Project\JavaAngular\Hibernate\persistence2\src\main\resources
2024-12-11 15:47:30,400 [Worker-56: Building] INFO  o.a.m.s.f.DefaultMavenResourcesFiltering - skip non existing resourceDirectory C:\Users\kunar\eclipse-workspace\Project\JavaAngular\Hibernate\persistence2\src\test\resources
2024-12-11 15:48:52,521 [Worker-45: Building] INFO  o.a.m.s.f.DefaultMavenResourcesFiltering - skip non existing resourceDirectory C:\Users\kunar\eclipse-workspace\Project\JavaAngular\Hibernate\persistence2\src\main\resources
2024-12-11 15:48:52,524 [Worker-45: Building] INFO  o.a.m.s.f.DefaultMavenResourcesFiltering - skip non existing resourceDirectory C:\Users\kunar\eclipse-workspace\Project\JavaAngular\Hibernate\persistence2\src\test\resources
2024-12-11 15:49:47,677 [Worker-45: Building] INFO  o.a.m.s.f.DefaultMavenResourcesFiltering - skip non existing resourceDirectory C:\Users\kunar\eclipse-workspace\Project\JavaAngular\Hibernate\persistence2\src\main\resources
2024-12-11 15:49:47,680 [Worker-45: Building] INFO  o.a.m.s.f.DefaultMavenResourcesFiltering - skip non existing resourceDirectory C:\Users\kunar\eclipse-workspace\Project\JavaAngular\Hibernate\persistence2\src\test\resources
2024-12-11 15:50:38,125 [Worker-59: Building] INFO  o.a.m.s.f.DefaultMavenResourcesFiltering - skip non existing resourceDirectory C:\Users\kunar\eclipse-workspace\Project\JavaAngular\Hibernate\persistence2\src\main\resources
2024-12-11 15:50:38,128 [Worker-59: Building] INFO  o.a.m.s.f.DefaultMavenResourcesFiltering - skip non existing resourceDirectory C:\Users\kunar\eclipse-workspace\Project\JavaAngular\Hibernate\persistence2\src\test\resources
2024-12-11 15:51:21,735 [Worker-56: Building] INFO  o.a.m.s.f.DefaultMavenResourcesFiltering - skip non existing resourceDirectory C:\Users\kunar\eclipse-workspace\Project\JavaAngular\Hibernate\persistence2\src\main\resources
2024-12-11 15:51:21,738 [Worker-56: Building] INFO  o.a.m.s.f.DefaultMavenResourcesFiltering - skip non existing resourceDirectory C:\Users\kunar\eclipse-workspace\Project\JavaAngular\Hibernate\persistence2\src\test\resources
2024-12-11 15:53:39,977 [Worker-59: Building] INFO  o.a.m.s.f.DefaultMavenResourcesFiltering - skip non existing resourceDirectory C:\Users\kunar\eclipse-workspace\Project\JavaAngular\Hibernate\persistence2\src\main\resources
2024-12-11 15:53:39,979 [Worker-59: Building] INFO  o.a.m.s.f.DefaultMavenResourcesFiltering - skip non existing resourceDirectory C:\Users\kunar\eclipse-workspace\Project\JavaAngular\Hibernate\persistence2\src\test\resources
2024-12-11 19:26:13,347 [Worker-97: Creating maven-archetype-quickstart] INFO  o.e.m.c.i.p.ProjectConfigurationManager - Collecting project info '/pom.xml' C:\Users\kunar\eclipse-workspace\Project\JavaAngular\Hibernate\atce\pom.xml
2024-12-11 19:26:13,557 [Worker-97: Creating maven-archetype-quickstart] INFO  o.e.m.c.i.l.LifecycleMappingFactory - Using org.eclipse.m2e.jdt.JarLifecycleMapping lifecycle mapping for MavenProject: Hibernateproj1:atce:0.0.1-SNAPSHOT @ C:\Users\kunar\eclipse-workspace\Project\JavaAngular\Hibernate\atce\pom.xml.
2024-12-11 19:26:13,977 [Worker-97: Creating maven-archetype-quickstart] INFO  o.e.m.j.i.AbstractJavaProjectConfigurator - Adding source folder /atce/src/main/java
2024-12-11 19:26:13,987 [Worker-97: Creating maven-archetype-quickstart] INFO  o.e.m.j.i.AbstractJavaProjectConfigurator - Adding source folder /atce/src/test/java
2024-12-11 19:26:14,148 [Worker-97: Creating maven-archetype-quickstart] INFO  o.e.m.c.i.p.ProjectConfigurationManager - Imported and configured 1 project(s) in 0 sec
2024-12-11 19:26:14,442 [Worker-95: Building] INFO  o.a.m.s.f.DefaultMavenResourcesFiltering - skip non existing resourceDirectory C:\Users\kunar\eclipse-workspace\Project\JavaAngular\Hibernate\atce\src\main\resources
2024-12-11 19:26:14,444 [Worker-95: Building] INFO  o.a.m.s.f.DefaultMavenResourcesFiltering - skip non existing resourceDirectory C:\Users\kunar\eclipse-workspace\Project\JavaAngular\Hibernate\atce\src\test\resources
2024-12-11 19:27:14,667 [Worker-99: Building] INFO  o.a.m.s.f.DefaultMavenResourcesFiltering - skip non existing resourceDirectory C:\Users\kunar\eclipse-workspace\Project\JavaAngular\Hibernate\atce\src\main\resources
2024-12-11 19:27:14,668 [Worker-99: Building] INFO  o.a.m.s.f.DefaultMavenResourcesFiltering - skip non existing resourceDirectory C:\Users\kunar\eclipse-workspace\Project\JavaAngular\Hibernate\atce\src\test\resources
2024-12-11 19:27:43,444 [Worker-97: Building] INFO  o.a.m.s.f.DefaultMavenResourcesFiltering - skip non existing resourceDirectory C:\Users\kunar\eclipse-workspace\Project\JavaAngular\Hibernate\atce\src\main\resources
2024-12-11 19:27:43,445 [Worker-97: Building] INFO  o.a.m.s.f.DefaultMavenResourcesFiltering - skip non existing resourceDirectory C:\Users\kunar\eclipse-workspace\Project\JavaAngular\Hibernate\atce\src\test\resources
2024-12-11 19:29:02,391 [Worker-95: Building] INFO  o.a.m.s.f.DefaultMavenResourcesFiltering - skip non existing resourceDirectory C:\Users\kunar\eclipse-workspace\Project\JavaAngular\Hibernate\atce\src\main\resources
2024-12-11 19:29:02,393 [Worker-95: Building] INFO  o.a.m.s.f.DefaultMavenResourcesFiltering - skip non existing resourceDirectory C:\Users\kunar\eclipse-workspace\Project\JavaAngular\Hibernate\atce\src\test\resources
2024-12-11 19:29:29,825 [Worker-95: Building] INFO  o.a.m.s.f.DefaultMavenResourcesFiltering - skip non existing resourceDirectory C:\Users\kunar\eclipse-workspace\Project\JavaAngular\Hibernate\atce\src\main\resources
2024-12-11 19:29:29,826 [Worker-95: Building] INFO  o.a.m.s.f.DefaultMavenResourcesFiltering - skip non existing resourceDirectory C:\Users\kunar\eclipse-workspace\Project\JavaAngular\Hibernate\atce\src\test\resources
2024-12-11 19:30:09,010 [Worker-95: Building] INFO  o.a.m.s.f.DefaultMavenResourcesFiltering - skip non existing resourceDirectory C:\Users\kunar\eclipse-workspace\Project\JavaAngular\Hibernate\atce\src\main\resources
2024-12-11 19:30:09,011 [Worker-95: Building] INFO  o.a.m.s.f.DefaultMavenResourcesFiltering - skip non existing resourceDirectory C:\Users\kunar\eclipse-workspace\Project\JavaAngular\Hibernate\atce\src\test\resources
2024-12-11 19:31:15,735 [Worker-100: Building] INFO  o.a.m.s.f.DefaultMavenResourcesFiltering - skip non existing resourceDirectory C:\Users\kunar\eclipse-workspace\Project\JavaAngular\Hibernate\atce\src\main\resources
2024-12-11 19:31:15,739 [Worker-100: Building] INFO  o.a.m.s.f.DefaultMavenResourcesFiltering - skip non existing resourceDirectory C:\Users\kunar\eclipse-workspace\Project\JavaAngular\Hibernate\atce\src\test\resources
2024-12-11 19:32:36,352 [Worker-98: Building] INFO  o.a.m.s.f.DefaultMavenResourcesFiltering - skip non existing resourceDirectory C:\Users\kunar\eclipse-workspace\Project\JavaAngular\Hibernate\atce\src\main\resources
2024-12-11 19:32:36,354 [Worker-98: Building] INFO  o.a.m.s.f.DefaultMavenResourcesFiltering - skip non existing resourceDirectory C:\Users\kunar\eclipse-workspace\Project\JavaAngular\Hibernate\atce\src\test\resources
2024-12-11 19:34:26,696 [Worker-101: Building] INFO  o.a.m.s.f.DefaultMavenResourcesFiltering - skip non existing resourceDirectory C:\Users\kunar\eclipse-workspace\Project\JavaAngular\Hibernate\atce\src\main\resources
2024-12-11 19:34:26,699 [Worker-101: Building] INFO  o.a.m.s.f.DefaultMavenResourcesFiltering - skip non existing resourceDirectory C:\Users\kunar\eclipse-workspace\Project\JavaAngular\Hibernate\atce\src\test\resources
2024-12-11 19:38:30,330 [Worker-103: Building] INFO  o.e.m.c.i.l.LifecycleMappingFactory - Using org.eclipse.m2e.jdt.JarLifecycleMapping lifecycle mapping for MavenProject: Hibernateproj1:atce:0.0.1-SNAPSHOT @ C:\Users\kunar\eclipse-workspace\Project\JavaAngular\Hibernate\atce\pom.xml.
2024-12-11 19:38:30,995 [Worker-101: Building] INFO  o.a.m.s.f.DefaultMavenResourcesFiltering - skip non existing resourceDirectory C:\Users\kunar\eclipse-workspace\Project\JavaAngular\Hibernate\atce\src\main\resources
2024-12-11 19:38:30,997 [Worker-101: Building] INFO  o.a.m.s.f.DefaultMavenResourcesFiltering - skip non existing resourceDirectory C:\Users\kunar\eclipse-workspace\Project\JavaAngular\Hibernate\atce\src\test\resources
2024-12-11 19:38:37,583 [Worker-103: Building] INFO  o.a.m.s.f.DefaultMavenResourcesFiltering - skip non existing resourceDirectory C:\Users\kunar\eclipse-workspace\Project\JavaAngular\Hibernate\atce\src\main\resources
2024-12-11 19:38:37,584 [Worker-103: Building] INFO  o.a.m.s.f.DefaultMavenResourcesFiltering - skip non existing resourceDirectory C:\Users\kunar\eclipse-workspace\Project\JavaAngular\Hibernate\atce\src\test\resources
2024-12-11 19:38:52,860 [Worker-103: Updating Maven Project] INFO  o.e.m.c.i.p.ProjectConfigurationManager - Update started
2024-12-11 19:38:52,934 [Worker-103: Updating Maven Project] INFO  o.e.m.c.i.l.LifecycleMappingFactory - Using org.eclipse.m2e.jdt.JarLifecycleMapping lifecycle mapping for MavenProject: Hibernateproj1:atce:0.0.1-SNAPSHOT @ C:\Users\kunar\eclipse-workspace\Project\JavaAngular\Hibernate\atce\pom.xml.
2024-12-11 19:38:53,385 [Worker-103: Updating Maven Project] INFO  o.e.m.j.i.AbstractJavaProjectConfigurator - Adding source folder /atce/src/main/java
2024-12-11 19:38:53,386 [Worker-103: Updating Maven Project] INFO  o.e.m.j.i.AbstractJavaProjectConfigurator - Adding source folder /atce/src/test/java
2024-12-11 19:38:53,642 [Worker-103: Updating Maven Project] INFO  o.e.m.c.i.p.ProjectConfigurationManager - Update completed: 0 sec
2024-12-11 19:38:53,929 [Worker-104: Building] INFO  o.a.m.s.f.DefaultMavenResourcesFiltering - skip non existing resourceDirectory C:\Users\kunar\eclipse-workspace\Project\JavaAngular\Hibernate\atce\src\main\resources
2024-12-11 19:38:53,930 [Worker-104: Building] INFO  o.a.m.s.f.DefaultMavenResourcesFiltering - skip non existing resourceDirectory C:\Users\kunar\eclipse-workspace\Project\JavaAngular\Hibernate\atce\src\test\resources
2024-12-11 19:42:16,211 [Worker-103: Building] INFO  o.a.m.s.f.DefaultMavenResourcesFiltering - skip non existing resourceDirectory C:\Users\kunar\eclipse-workspace\Project\JavaAngular\Hibernate\atce\src\main\resources
2024-12-11 19:42:16,213 [Worker-103: Building] INFO  o.a.m.s.f.DefaultMavenResourcesFiltering - skip non existing resourceDirectory C:\Users\kunar\eclipse-workspace\Project\JavaAngular\Hibernate\atce\src\test\resources
2024-12-11 19:43:05,830 [Worker-106: Building] INFO  o.a.m.s.f.DefaultMavenResourcesFiltering - skip non existing resourceDirectory C:\Users\kunar\eclipse-workspace\Project\JavaAngular\Hibernate\atce\src\main\resources
2024-12-11 19:43:05,831 [Worker-106: Building] INFO  o.a.m.s.f.DefaultMavenResourcesFiltering - skip non existing resourceDirectory C:\Users\kunar\eclipse-workspace\Project\JavaAngular\Hibernate\atce\src\test\resources
2024-12-11 19:45:01,653 [Worker-105: Launching App (2)] INFO  o.a.m.s.f.DefaultMavenResourcesFiltering - skip non existing resourceDirectory C:\Users\kunar\eclipse-workspace\Project\JavaAngular\Hibernate\atce\src\main\resources
2024-12-11 19:45:01,655 [Worker-105: Launching App (2)] INFO  o.a.m.s.f.DefaultMavenResourcesFiltering - skip non existing resourceDirectory C:\Users\kunar\eclipse-workspace\Project\JavaAngular\Hibernate\atce\src\test\resources
2024-12-11 19:47:30,212 [Worker-102: Building] INFO  o.e.m.c.i.l.LifecycleMappingFactory - Using org.eclipse.m2e.jdt.JarLifecycleMapping lifecycle mapping for MavenProject: Hibernateproj1:atce:0.0.1-SNAPSHOT @ C:\Users\kunar\eclipse-workspace\Project\JavaAngular\Hibernate\atce\pom.xml.
2024-12-11 19:47:30,545 [Worker-102: Building] ERROR o.e.m.jdt.internal.BuildPathManager - org.eclipse.core.runtime.OperationCanceledException
org.eclipse.jdt.core.JavaModelException: org.eclipse.core.runtime.OperationCanceledException
	at org.eclipse.jdt.internal.core.SetContainerOperation.executeOperation(SetContainerOperation.java:128)
	at org.eclipse.jdt.internal.core.JavaModelOperation.run(JavaModelOperation.java:740)
	at org.eclipse.core.internal.resources.Workspace.run(Workspace.java:2315)
	at org.eclipse.core.internal.resources.Workspace.run(Workspace.java:2340)
	at org.eclipse.jdt.internal.core.JavaModelOperation.runOperation(JavaModelOperation.java:811)
	at org.eclipse.jdt.core.JavaCore.setClasspathContainer(JavaCore.java:5993)
	at org.eclipse.m2e.jdt.internal.BuildPathManager.updateClasspath(BuildPathManager.java:210)
	at org.eclipse.m2e.jdt.internal.BuildPathManager.mavenProjectChanged(BuildPathManager.java:196)
	at org.eclipse.m2e.core.internal.project.registry.ProjectRegistryManager.notifyProjectChangeListeners(ProjectRegistryManager.java:806)
	at org.eclipse.m2e.core.internal.project.registry.ProjectRegistryManager.applyMutableProjectRegistry(ProjectRegistryManager.java:972)
	at org.eclipse.m2e.core.internal.project.registry.ProjectRegistryManager.refresh(ProjectRegistryManager.java:305)
	at org.eclipse.m2e.core.internal.builder.MavenBuilder$BuildMethod.getProjectFacade(MavenBuilder.java:151)
	at org.eclipse.m2e.core.internal.builder.MavenBuilder$BuildMethod.lambda$0(MavenBuilder.java:89)
	at org.eclipse.m2e.core.internal.embedder.MavenExecutionContext.executeBare(MavenExecutionContext.java:182)
	at org.eclipse.m2e.core.internal.embedder.MavenExecutionContext.execute(MavenExecutionContext.java:156)
	at org.eclipse.m2e.core.internal.embedder.MavenExecutionContext.execute(MavenExecutionContext.java:103)
	at org.eclipse.m2e.core.internal.builder.MavenBuilder$BuildMethod.execute(MavenBuilder.java:88)
	at org.eclipse.m2e.core.internal.builder.MavenBuilder.build(MavenBuilder.java:198)
	at org.eclipse.core.internal.events.BuildManager$2.run(BuildManager.java:860)
	at org.eclipse.core.runtime.SafeRunner.run(SafeRunner.java:45)
	at org.eclipse.core.internal.events.BuildManager.basicBuild(BuildManager.java:232)
	at org.eclipse.core.internal.events.BuildManager.basicBuild(BuildManager.java:281)
	at org.eclipse.core.internal.events.BuildManager$1.run(BuildManager.java:334)
	at org.eclipse.core.runtime.SafeRunner.run(SafeRunner.java:45)
	at org.eclipse.core.internal.events.BuildManager.basicBuild(BuildManager.java:337)
	at org.eclipse.core.internal.events.BuildManager.basicBuildLoop(BuildManager.java:392)
	at org.eclipse.core.internal.events.BuildManager.build(BuildManager.java:417)
	at org.eclipse.core.internal.events.AutoBuildJob.doBuild(AutoBuildJob.java:161)
	at org.eclipse.core.internal.events.AutoBuildJob.run(AutoBuildJob.java:255)
	at org.eclipse.core.internal.jobs.Worker.run(Worker.java:63)
Caused by: org.eclipse.core.runtime.OperationCanceledException: null
	at org.eclipse.core.runtime.SubMonitor$RootInfo.checkForCancellation(SubMonitor.java:274)
	at org.eclipse.core.runtime.SubMonitor.split(SubMonitor.java:982)
	at org.eclipse.core.runtime.SubMonitor.split(SubMonitor.java:895)
	at org.eclipse.jdt.internal.core.SetContainerOperation.executeOperation(SetContainerOperation.java:122)
	... 29 common frames omitted
2024-12-11 19:47:30,564 [Worker-102: Building] INFO  o.a.m.s.f.DefaultMavenResourcesFiltering - skip non existing resourceDirectory C:\Users\kunar\eclipse-workspace\Project\JavaAngular\Hibernate\atce\src\main\resources
2024-12-11 19:47:30,567 [Worker-102: Building] INFO  o.a.m.s.f.DefaultMavenResourcesFiltering - skip non existing resourceDirectory C:\Users\kunar\eclipse-workspace\Project\JavaAngular\Hibernate\atce\src\test\resources
2024-12-11 19:47:52,855 [Worker-102: Updating Maven Project] INFO  o.e.m.c.i.p.ProjectConfigurationManager - Update started
2024-12-11 19:47:52,930 [Worker-102: Updating Maven Project] INFO  o.e.m.c.i.l.LifecycleMappingFactory - Using org.eclipse.m2e.jdt.JarLifecycleMapping lifecycle mapping for MavenProject: Hibernateproj1:atce:0.0.1-SNAPSHOT @ C:\Users\kunar\eclipse-workspace\Project\JavaAngular\Hibernate\atce\pom.xml.
2024-12-11 19:47:53,354 [Worker-102: Updating Maven Project] INFO  o.e.m.j.i.AbstractJavaProjectConfigurator - Adding source folder /atce/src/main/java
2024-12-11 19:47:53,355 [Worker-102: Updating Maven Project] INFO  o.e.m.j.i.AbstractJavaProjectConfigurator - Adding source folder /atce/src/test/java
2024-12-11 19:47:53,555 [Worker-102: Updating Maven Project] INFO  o.e.m.c.i.p.ProjectConfigurationManager - Update completed: 0 sec
2024-12-11 19:47:53,815 [Worker-92: Building] INFO  o.a.m.s.f.DefaultMavenResourcesFiltering - skip non existing resourceDirectory C:\Users\kunar\eclipse-workspace\Project\JavaAngular\Hibernate\atce\src\main\resources
2024-12-11 19:47:53,816 [Worker-92: Building] INFO  o.a.m.s.f.DefaultMavenResourcesFiltering - skip non existing resourceDirectory C:\Users\kunar\eclipse-workspace\Project\JavaAngular\Hibernate\atce\src\test\resources
2024-12-11 19:48:34,865 [Worker-109: Building] INFO  o.a.m.s.f.DefaultMavenResourcesFiltering - skip non existing resourceDirectory C:\Users\kunar\eclipse-workspace\Project\JavaAngular\Hibernate\atce\src\main\resources
2024-12-11 19:48:34,866 [Worker-109: Building] INFO  o.a.m.s.f.DefaultMavenResourcesFiltering - skip non existing resourceDirectory C:\Users\kunar\eclipse-workspace\Project\JavaAngular\Hibernate\atce\src\test\resources
2024-12-11 19:49:32,271 [Worker-110: Building] INFO  o.a.m.s.f.DefaultMavenResourcesFiltering - skip non existing resourceDirectory C:\Users\kunar\eclipse-workspace\Project\JavaAngular\Hibernate\atce\src\main\resources
2024-12-11 19:49:32,274 [Worker-110: Building] INFO  o.a.m.s.f.DefaultMavenResourcesFiltering - skip non existing resourceDirectory C:\Users\kunar\eclipse-workspace\Project\JavaAngular\Hibernate\atce\src\test\resources
2024-12-11 19:49:48,946 [Worker-107: Building] INFO  o.a.m.s.f.DefaultMavenResourcesFiltering - skip non existing resourceDirectory C:\Users\kunar\eclipse-workspace\Project\JavaAngular\Hibernate\atce\src\main\resources
2024-12-11 19:49:48,947 [Worker-107: Building] INFO  o.a.m.s.f.DefaultMavenResourcesFiltering - skip non existing resourceDirectory C:\Users\kunar\eclipse-workspace\Project\JavaAngular\Hibernate\atce\src\test\resources
2024-12-11 19:50:53,924 [Worker-92: Building] INFO  o.a.m.s.f.DefaultMavenResourcesFiltering - skip non existing resourceDirectory C:\Users\kunar\eclipse-workspace\Project\JavaAngular\Hibernate\atce\src\main\resources
2024-12-11 19:50:53,925 [Worker-92: Building] INFO  o.a.m.s.f.DefaultMavenResourcesFiltering - skip non existing resourceDirectory C:\Users\kunar\eclipse-workspace\Project\JavaAngular\Hibernate\atce\src\test\resources
2024-12-11 19:54:34,988 [Worker-108: Building] INFO  o.a.m.s.f.DefaultMavenResourcesFiltering - skip non existing resourceDirectory C:\Users\kunar\eclipse-workspace\Project\JavaAngular\Hibernate\atce\src\main\resources
2024-12-11 19:54:34,990 [Worker-108: Building] INFO  o.a.m.s.f.DefaultMavenResourcesFiltering - skip non existing resourceDirectory C:\Users\kunar\eclipse-workspace\Project\JavaAngular\Hibernate\atce\src\test\resources
2024-12-11 19:54:44,367 [Worker-92: Building] INFO  o.a.m.s.f.DefaultMavenResourcesFiltering - skip non existing resourceDirectory C:\Users\kunar\eclipse-workspace\Project\JavaAngular\Hibernate\atce\src\main\resources
2024-12-11 19:54:44,369 [Worker-92: Building] INFO  o.a.m.s.f.DefaultMavenResourcesFiltering - skip non existing resourceDirectory C:\Users\kunar\eclipse-workspace\Project\JavaAngular\Hibernate\atce\src\test\resources
2024-12-11 19:56:10,404 [Worker-109: Building] INFO  o.a.m.s.f.DefaultMavenResourcesFiltering - skip non existing resourceDirectory C:\Users\kunar\eclipse-workspace\Project\JavaAngular\Hibernate\atce\src\main\resources
2024-12-11 19:56:10,405 [Worker-109: Building] INFO  o.a.m.s.f.DefaultMavenResourcesFiltering - skip non existing resourceDirectory C:\Users\kunar\eclipse-workspace\Project\JavaAngular\Hibernate\atce\src\test\resources
2024-12-11 19:57:51,765 [Worker-107: Building] INFO  o.a.m.s.f.DefaultMavenResourcesFiltering - skip non existing resourceDirectory C:\Users\kunar\eclipse-workspace\Project\JavaAngular\Hibernate\atce\src\main\resources
2024-12-11 19:57:51,767 [Worker-107: Building] INFO  o.a.m.s.f.DefaultMavenResourcesFiltering - skip non existing resourceDirectory C:\Users\kunar\eclipse-workspace\Project\JavaAngular\Hibernate\atce\src\test\resources
2024-12-11 19:59:55,670 [Worker-110: Building] INFO  o.a.m.s.f.DefaultMavenResourcesFiltering - skip non existing resourceDirectory C:\Users\kunar\eclipse-workspace\Project\JavaAngular\Hibernate\atce\src\main\resources
2024-12-11 19:59:55,671 [Worker-110: Building] INFO  o.a.m.s.f.DefaultMavenResourcesFiltering - skip non existing resourceDirectory C:\Users\kunar\eclipse-workspace\Project\JavaAngular\Hibernate\atce\src\test\resources
2024-12-11 20:01:09,042 [Worker-92: Building] INFO  o.a.m.s.f.DefaultMavenResourcesFiltering - skip non existing resourceDirectory C:\Users\kunar\eclipse-workspace\Project\JavaAngular\Hibernate\atce\src\main\resources
2024-12-11 20:01:09,043 [Worker-92: Building] INFO  o.a.m.s.f.DefaultMavenResourcesFiltering - skip non existing resourceDirectory C:\Users\kunar\eclipse-workspace\Project\JavaAngular\Hibernate\atce\src\test\resources
2024-12-11 20:01:45,668 [Worker-108: Updating Maven Project] INFO  o.e.m.c.i.p.ProjectConfigurationManager - Update started
2024-12-11 20:01:45,776 [Worker-108: Updating Maven Project] INFO  o.e.m.c.i.l.LifecycleMappingFactory - Using org.eclipse.m2e.jdt.JarLifecycleMapping lifecycle mapping for MavenProject: Hibernateproj1:atce:0.0.1-SNAPSHOT @ C:\Users\kunar\eclipse-workspace\Project\JavaAngular\Hibernate\atce\pom.xml.
2024-12-11 20:01:46,182 [Worker-108: Updating Maven Project] INFO  o.e.m.j.i.AbstractJavaProjectConfigurator - Adding source folder /atce/src/main/java
2024-12-11 20:01:46,183 [Worker-108: Updating Maven Project] INFO  o.e.m.j.i.AbstractJavaProjectConfigurator - Adding source folder /atce/src/test/java
2024-12-11 20:01:46,377 [Worker-108: Updating Maven Project] INFO  o.e.m.c.i.p.ProjectConfigurationManager - Update completed: 0 sec
2024-12-11 20:01:46,648 [Worker-107: Building] INFO  o.a.m.s.f.DefaultMavenResourcesFiltering - skip non existing resourceDirectory C:\Users\kunar\eclipse-workspace\Project\JavaAngular\Hibernate\atce\src\main\resources
2024-12-11 20:01:46,650 [Worker-107: Building] INFO  o.a.m.s.f.DefaultMavenResourcesFiltering - skip non existing resourceDirectory C:\Users\kunar\eclipse-workspace\Project\JavaAngular\Hibernate\atce\src\test\resources
2024-12-11 20:02:39,998 [Worker-92: Building] INFO  o.e.m.c.i.l.LifecycleMappingFactory - Using org.eclipse.m2e.jdt.JarLifecycleMapping lifecycle mapping for MavenProject: Hibernateproj1:atce:0.0.1-SNAPSHOT @ C:\Users\kunar\eclipse-workspace\Project\JavaAngular\Hibernate\atce\pom.xml.
2024-12-11 20:02:40,323 [Worker-92: Building] INFO  o.a.m.s.f.DefaultMavenResourcesFiltering - skip non existing resourceDirectory C:\Users\kunar\eclipse-workspace\Project\JavaAngular\Hibernate\atce\src\main\resources
2024-12-11 20:02:40,324 [Worker-92: Building] INFO  o.a.m.s.f.DefaultMavenResourcesFiltering - skip non existing resourceDirectory C:\Users\kunar\eclipse-workspace\Project\JavaAngular\Hibernate\atce\src\test\resources
2024-12-11 20:02:40,727 [Worker-108: Building] INFO  o.a.m.s.f.DefaultMavenResourcesFiltering - skip non existing resourceDirectory C:\Users\kunar\eclipse-workspace\Project\JavaAngular\Hibernate\atce\src\main\resources
2024-12-11 20:02:40,728 [Worker-108: Building] INFO  o.a.m.s.f.DefaultMavenResourcesFiltering - skip non existing resourceDirectory C:\Users\kunar\eclipse-workspace\Project\JavaAngular\Hibernate\atce\src\test\resources
2024-12-11 20:03:33,797 [Worker-92: Building] INFO  o.a.m.s.f.DefaultMavenResourcesFiltering - skip non existing resourceDirectory C:\Users\kunar\eclipse-workspace\Project\JavaAngular\Hibernate\atce\src\main\resources
2024-12-11 20:03:33,800 [Worker-92: Building] INFO  o.a.m.s.f.DefaultMavenResourcesFiltering - skip non existing resourceDirectory C:\Users\kunar\eclipse-workspace\Project\JavaAngular\Hibernate\atce\src\test\resources
2024-12-11 22:51:17,699 [Stop Help Server] INFO  org.eclipse.jetty.server.Server - Stopped Server@47126012{STOPPING}[10.0.6,sto=0]
2024-12-11 22:51:17,851 [Stop Help Server] INFO  o.e.jetty.server.AbstractConnector - Stopped ServerConnector@a08577c{HTTP/1.1, (http/1.1)}{127.0.0.1:0}
2024-12-11 22:51:17,997 [Stop Help Server] INFO  o.e.j.server.handler.ContextHandler - Stopped o.e.j.s.ServletContextHandler@146fbd47{/help,null,STOPPED}
2024-12-12 18:04:31,378 [Worker-2: Loading available Gradle versions] INFO  o.e.b.c.i.u.g.PublishedGradleVersions - Gradle version information cache is out-of-date. Trying to update.
